2024-03-08 10:47:57,589 - active_players - INFO - ACTION COMMITTED: nba_update_active_players
2024-03-08 10:47:57,631 - active_players - INFO - Inserted and updated for player: {'full_name': 'Precious Achiuwa', 'id': 1630173}
2024-03-08 10:47:57,674 - active_players - INFO - Inserted and updated for player: {'full_name': 'Steven Adams', 'id': 203500}
2024-03-08 10:47:57,715 - active_players - INFO - Inserted and updated for player: {'full_name': 'Bam Adebayo', 'id': 1628389}
2024-03-08 10:47:57,759 - active_players - INFO - Inserted and updated for player: {'full_name': 'Ochai Agbaji', 'id': 1630534}
2024-03-08 10:47:57,799 - active_players - INFO - Inserted and updated for player: {'full_name': 'Santi Aldama', 'id': 1630583}
2024-03-08 10:47:57,852 - active_players - INFO - Inserted and updated for player: {'full_name': 'Nickeil Alexander-Walker', 'id': 1629638}
2024-03-08 10:47:57,899 - active_players - INFO - Inserted and updated for player: {'full_name': 'Grayson Allen', 'id': 1628960}
2024-03-08 10:47:57,940 - active_players - INFO - Inserted and updated for player: {'full_name': 'Jarrett Allen', 'id': 1628386}
2024-03-08 10:47:57,983 - active_players - INFO - Inserted and updated for player: {'full_name': 'Jose Alvarado', 'id': 1630631}
2024-03-08 10:47:58,029 - active_players - INFO - Inserted and updated for player: {'full_name': 'Kyle Anderson', 'id': 203937}
2024-03-08 10:47:58,079 - active_players - INFO - Inserted and updated for player: {'full_name': 'Giannis Antetokounmpo', 'id': 203507}
2024-03-08 10:47:58,123 - active_players - INFO - Inserted and updated for player: {'full_name': 'Thanasis Antetokounmpo', 'id': 203648}
2024-03-08 10:47:58,165 - active_players - INFO - Inserted and updated for player: {'full_name': 'Cole Anthony', 'id': 1630175}
2024-03-08 10:47:58,207 - active_players - INFO - Inserted and updated for player: {'full_name': 'OG Anunoby', 'id': 1628384}
2024-03-08 10:47:58,247 - active_players - INFO - Inserted and updated for player: {'full_name': 'Ryan Arcidiacono', 'id': 1627853}
2024-03-08 10:47:58,291 - active_players - INFO - Inserted and updated for player: {'full_name': 'Deni Avdija', 'id': 1630166}
2024-03-08 10:47:58,340 - active_players - INFO - Inserted and updated for player: {'full_name': 'Deandre Ayton', 'id': 1629028}
2024-03-08 10:47:58,418 - active_players - INFO - Inserted and updated for player: {'full_name': 'Udoka Azubuike', 'id': 1628962}
2024-03-08 10:47:58,467 - active_players - INFO - Inserted and updated for player: {'full_name': 'Marvin Bagley III', 'id': 1628963}
2024-03-08 10:47:58,508 - active_players - INFO - Inserted and updated for player: {'full_name': 'Amari Bailey', 'id': 1641735}
2024-03-08 10:47:58,555 - active_players - INFO - Inserted and updated for player: {'full_name': 'Patrick Baldwin Jr.', 'id': 1631116}
2024-03-08 10:47:58,620 - active_players - INFO - Inserted and updated for player: {'full_name': 'LaMelo Ball', 'id': 1630163}
2024-03-08 10:47:58,659 - active_players - INFO - Inserted and updated for player: {'full_name': 'Lonzo Ball', 'id': 1628366}
2024-03-08 10:47:58,699 - active_players - INFO - Inserted and updated for player: {'full_name': 'Mo Bamba', 'id': 1628964}
2024-03-08 10:47:58,739 - active_players - INFO - Inserted and updated for player: {'full_name': 'Paolo Banchero', 'id': 1631094}
2024-03-08 10:47:58,781 - active_players - INFO - Inserted and updated for player: {'full_name': 'Desmond Bane', 'id': 1630217}
2024-03-08 10:47:58,827 - active_players - INFO - Inserted and updated for player: {'full_name': 'Dalano Banton', 'id': 1630625}
2024-03-08 10:47:58,875 - active_players - INFO - Inserted and updated for player: {'full_name': 'Dominick Barlow', 'id': 1631230}
2024-03-08 10:47:58,919 - active_players - INFO - Inserted and updated for player: {'full_name': 'Harrison Barnes', 'id': 203084}
2024-03-08 10:47:58,963 - active_players - INFO - Inserted and updated for player: {'full_name': 'Scottie Barnes', 'id': 1630567}
2024-03-08 10:47:59,003 - active_players - INFO - Inserted and updated for player: {'full_name': 'RJ Barrett', 'id': 1629628}
2024-03-08 10:47:59,048 - active_players - INFO - Inserted and updated for player: {'full_name': 'Charles Bassey', 'id': 1629646}
2024-03-08 10:47:59,091 - active_players - INFO - Inserted and updated for player: {'full_name': 'Emoni Bates', 'id': 1641734}
2024-03-08 10:47:59,136 - active_players - INFO - Inserted and updated for player: {'full_name': 'Keita Bates-Diop', 'id': 1628966}
2024-03-08 10:47:59,179 - active_players - INFO - Inserted and updated for player: {'full_name': 'Nicolas Batum', 'id': 201587}
2024-03-08 10:47:59,231 - active_players - INFO - Inserted and updated for player: {'full_name': 'Bradley Beal', 'id': 203078}
2024-03-08 10:47:59,272 - active_players - INFO - Inserted and updated for player: {'full_name': 'Malik Beasley', 'id': 1627736}
2024-03-08 10:47:59,320 - active_players - INFO - Inserted and updated for player: {'full_name': 'MarJon Beauchamp', 'id': 1630699}
2024-03-08 10:47:59,359 - active_players - INFO - Inserted and updated for player: {'full_name': 'Charles Bediako', 'id': 1641777}
2024-03-08 10:47:59,403 - active_players - INFO - Inserted and updated for player: {'full_name': 'Davis Bertans', 'id': 202722}
2024-03-08 10:47:59,444 - active_players - INFO - Inserted and updated for player: {'full_name': 'Patrick Beverley', 'id': 201976}
2024-03-08 10:47:59,504 - active_players - INFO - Inserted and updated for player: {'full_name': 'Saddiq Bey', 'id': 1630180}
2024-03-08 10:47:59,547 - active_players - INFO - Inserted and updated for player: {'full_name': 'Goga Bitadze', 'id': 1629048}
2024-03-08 10:47:59,590 - active_players - INFO - Inserted and updated for player: {'full_name': 'Onuralp Bitim', 'id': 1641931}
2024-03-08 10:47:59,632 - active_players - INFO - Inserted and updated for player: {'full_name': 'Bismack Biyombo', 'id': 202687}
2024-03-08 10:47:59,676 - active_players - INFO - Inserted and updated for player: {'full_name': 'Anthony Black', 'id': 1641710}
2024-03-08 10:47:59,730 - active_players - INFO - Inserted and updated for player: {'full_name': 'Leaky Black', 'id': 1641778}
2024-03-08 10:47:59,778 - active_players - INFO - Inserted and updated for player: {'full_name': 'Bogdan Bogdanovic', 'id': 203992}
2024-03-08 10:47:59,823 - active_players - INFO - Inserted and updated for player: {'full_name': 'Bojan Bogdanovic', 'id': 202711}
2024-03-08 10:47:59,868 - active_players - INFO - Inserted and updated for player: {'full_name': 'Bol Bol', 'id': 1629626}
2024-03-08 10:47:59,908 - active_players - INFO - Inserted and updated for player: {'full_name': 'Marques Bolden', 'id': 1629716}
2024-03-08 10:47:59,955 - active_players - INFO - Inserted and updated for player: {'full_name': 'Devin Booker', 'id': 1626164}
2024-03-08 10:47:59,996 - active_players - INFO - Inserted and updated for player: {'full_name': 'Brandon Boston Jr.', 'id': 1630527}
2024-03-08 10:48:00,037 - active_players - INFO - Inserted and updated for player: {'full_name': 'Chris Boucher', 'id': 1628449}
2024-03-08 10:48:00,081 - active_players - INFO - Inserted and updated for player: {'full_name': 'James Bouknight', 'id': 1630547}
2024-03-08 10:48:00,123 - active_players - INFO - Inserted and updated for player: {'full_name': 'Malaki Branham', 'id': 1631103}
2024-03-08 10:48:00,175 - active_players - INFO - Inserted and updated for player: {'full_name': 'Christian Braun', 'id': 1631128}
2024-03-08 10:48:00,219 - active_players - INFO - Inserted and updated for player: {'full_name': 'Mikal Bridges', 'id': 1628969}
2024-03-08 10:48:00,259 - active_players - INFO - Inserted and updated for player: {'full_name': 'Miles Bridges', 'id': 1628970}
2024-03-08 10:48:00,300 - active_players - INFO - Inserted and updated for player: {'full_name': 'Oshae Brissett', 'id': 1629052}
2024-03-08 10:48:00,340 - active_players - INFO - Inserted and updated for player: {'full_name': 'Malcolm Brogdon', 'id': 1627763}
2024-03-08 10:48:00,413 - active_players - INFO - Inserted and updated for player: {'full_name': 'Armoni Brooks', 'id': 1629717}
2024-03-08 10:48:00,459 - active_players - INFO - Inserted and updated for player: {'full_name': 'Dillon Brooks', 'id': 1628415}
2024-03-08 10:48:00,500 - active_players - INFO - Inserted and updated for player: {'full_name': 'Bruce Brown', 'id': 1628971}
2024-03-08 10:48:00,540 - active_players - INFO - Inserted and updated for player: {'full_name': 'Jaylen Brown', 'id': 1627759}
2024-03-08 10:48:00,585 - active_players - INFO - Inserted and updated for player: {'full_name': 'Kendall Brown', 'id': 1631112}
2024-03-08 10:48:00,629 - active_players - INFO - Inserted and updated for player: {'full_name': 'Kobe Brown', 'id': 1641738}
2024-03-08 10:48:00,675 - active_players - INFO - Inserted and updated for player: {'full_name': 'Moses Brown', 'id': 1629650}
2024-03-08 10:48:00,719 - active_players - INFO - Inserted and updated for player: {'full_name': 'Greg Brown III', 'id': 1630535}
2024-03-08 10:48:00,764 - active_players - INFO - Inserted and updated for player: {'full_name': 'Charlie Brown Jr.', 'id': 1629718}
2024-03-08 10:48:00,804 - active_players - INFO - Inserted and updated for player: {'full_name': 'Troy Brown Jr.', 'id': 1628972}
2024-03-08 10:48:00,844 - active_players - INFO - Inserted and updated for player: {'full_name': 'Jalen Brunson', 'id': 1628973}
2024-03-08 10:48:00,892 - active_players - INFO - Inserted and updated for player: {'full_name': 'Thomas Bryant', 'id': 1628418}
2024-03-08 10:48:00,937 - active_players - INFO - Inserted and updated for player: {'full_name': 'Kobe Bufkin', 'id': 1641723}
2024-03-08 10:48:00,983 - active_players - INFO - Inserted and updated for player: {'full_name': 'Reggie Bullock Jr.', 'id': 203493}
2024-03-08 10:48:01,024 - active_players - INFO - Inserted and updated for player: {'full_name': 'Alec Burks', 'id': 202692}
2024-03-08 10:48:01,080 - active_players - INFO - Inserted and updated for player: {'full_name': 'Jared Butler', 'id': 1630215}
2024-03-08 10:48:01,125 - active_players - INFO - Inserted and updated for player: {'full_name': 'Jimmy Butler', 'id': 202710}
2024-03-08 10:48:01,168 - active_players - INFO - Inserted and updated for player: {'full_name': 'John Butler Jr.', 'id': 1631219}
2024-03-08 10:48:01,210 - active_players - INFO - Inserted and updated for player: {'full_name': 'Jamal Cain', 'id': 1631288}
2024-03-08 10:48:01,252 - active_players - INFO - Inserted and updated for player: {'full_name': 'Kentavious Caldwell-Pope', 'id': 203484}
2024-03-08 10:48:01,303 - active_players - INFO - Inserted and updated for player: {'full_name': 'Toumani Camara', 'id': 1641739}
2024-03-08 10:48:01,347 - active_players - INFO - Inserted and updated for player: {'full_name': 'Vlatko Cancar', 'id': 1628427}
2024-03-08 10:48:01,388 - active_players - INFO - Inserted and updated for player: {'full_name': 'Clint Capela', 'id': 203991}
2024-03-08 10:48:01,429 - active_players - INFO - Inserted and updated for player: {'full_name': 'Jevon Carter', 'id': 1628975}
2024-03-08 10:48:01,468 - active_players - INFO - Inserted and updated for player: {'full_name': 'Wendell Carter Jr.', 'id': 1628976}
2024-03-08 10:48:01,510 - active_players - INFO - Inserted and updated for player: {'full_name': 'Alex Caruso', 'id': 1627936}
2024-03-08 10:48:01,554 - active_players - INFO - Inserted and updated for player: {'full_name': 'Colin Castleton', 'id': 1630658}
2024-03-08 10:48:01,596 - active_players - INFO - Inserted and updated for player: {'full_name': 'Malcolm Cazalon', 'id': 1630608}
2024-03-08 10:48:01,636 - active_players - INFO - Inserted and updated for player: {'full_name': 'Julian Champagnie', 'id': 1630577}
2024-03-08 10:48:01,678 - active_players - INFO - Inserted and updated for player: {'full_name': 'Max Christie', 'id': 1631108}
2024-03-08 10:48:01,724 - active_players - INFO - Inserted and updated for player: {'full_name': 'Josh Christopher', 'id': 1630528}
2024-03-08 10:48:01,767 - active_players - INFO - Inserted and updated for player: {'full_name': 'Sidy Cissoko', 'id': 1631321}
2024-03-08 10:48:01,807 - active_players - INFO - Inserted and updated for player: {'full_name': 'Jaylen Clark', 'id': 1641740}
2024-03-08 10:48:01,851 - active_players - INFO - Inserted and updated for player: {'full_name': 'Brandon Clarke', 'id': 1629634}
2024-03-08 10:48:01,891 - active_players - INFO - Inserted and updated for player: {'full_name': 'Jordan Clarkson', 'id': 203903}
2024-03-08 10:48:01,931 - active_players - INFO - Inserted and updated for player: {'full_name': 'Nic Claxton', 'id': 1629651}
2024-03-08 10:48:01,975 - active_players - INFO - Inserted and updated for player: {'full_name': 'Noah Clowney', 'id': 1641730}
2024-03-08 10:48:02,015 - active_players - INFO - Inserted and updated for player: {'full_name': 'Amir Coffey', 'id': 1629599}
2024-03-08 10:48:02,059 - active_players - INFO - Inserted and updated for player: {'full_name': 'John Collins', 'id': 1628381}
2024-03-08 10:48:02,105 - active_players - INFO - Inserted and updated for player: {'full_name': 'Zach Collins', 'id': 1628380}
2024-03-08 10:48:02,147 - active_players - INFO - Inserted and updated for player: {'full_name': 'Mike Conley', 'id': 201144}
2024-03-08 10:48:02,194 - active_players - INFO - Inserted and updated for player: {'full_name': 'Pat Connaughton', 'id': 1626192}
2024-03-08 10:48:02,236 - active_players - INFO - Inserted and updated for player: {'full_name': 'Bilal Coulibaly', 'id': 1641731}
2024-03-08 10:48:02,275 - active_players - INFO - Inserted and updated for player: {'full_name': 'Ricky Council IV', 'id': 1641741}
2024-03-08 10:48:02,315 - active_players - INFO - Inserted and updated for player: {'full_name': 'Robert Covington', 'id': 203496}
2024-03-08 10:48:02,355 - active_players - INFO - Inserted and updated for player: {'full_name': 'Torrey Craig', 'id': 1628470}
2024-03-08 10:48:02,436 - active_players - INFO - Inserted and updated for player: {'full_name': 'Jae Crowder', 'id': 203109}
2024-03-08 10:48:02,494 - active_players - INFO - Inserted and updated for player: {'full_name': 'Cade Cunningham', 'id': 1630595}
2024-03-08 10:48:02,538 - active_players - INFO - Inserted and updated for player: {'full_name': 'Seth Curry', 'id': 203552}
2024-03-08 10:48:02,581 - active_players - INFO - Inserted and updated for player: {'full_name': 'Stephen Curry', 'id': 201939}
2024-03-08 10:48:02,627 - active_players - INFO - Inserted and updated for player: {'full_name': 'Dyson Daniels', 'id': 1630700}
2024-03-08 10:48:02,680 - active_players - INFO - Inserted and updated for player: {'full_name': 'Anthony Davis', 'id': 203076}
2024-03-08 10:48:02,723 - active_players - INFO - Inserted and updated for player: {'full_name': 'Johnny Davis', 'id': 1631098}
2024-03-08 10:48:02,767 - active_players - INFO - Inserted and updated for player: {'full_name': 'JD Davison', 'id': 1631120}
2024-03-08 10:48:02,807 - active_players - INFO - Inserted and updated for player: {'full_name': 'DeMar DeRozan', 'id': 201942}
2024-03-08 10:48:02,852 - active_players - INFO - Inserted and updated for player: {'full_name': 'Dexter Dennis', 'id': 1641926}
2024-03-08 10:48:02,897 - active_players - INFO - Inserted and updated for player: {'full_name': 'Donte DiVincenzo', 'id': 1628978}
2024-03-08 10:48:02,940 - active_players - INFO - Inserted and updated for player: {'full_name': 'Moussa Diabate', 'id': 1631217}
2024-03-08 10:48:02,988 - active_players - INFO - Inserted and updated for player: {'full_name': 'Gradey Dick', 'id': 1641711}
2024-03-08 10:48:03,030 - active_players - INFO - Inserted and updated for player: {'full_name': 'Ousmane Dieng', 'id': 1631172}
2024-03-08 10:48:03,076 - active_players - INFO - Inserted and updated for player: {'full_name': 'Spencer Dinwiddie', 'id': 203915}
2024-03-08 10:48:03,116 - active_players - INFO - Inserted and updated for player: {'full_name': 'Luka Doncic', 'id': 1629029}
2024-03-08 10:48:03,156 - active_players - INFO - Inserted and updated for player: {'full_name': 'Luguentz Dort', 'id': 1629652}
2024-03-08 10:48:03,195 - active_players - INFO - Inserted and updated for player: {'full_name': 'Ayo Dosunmu', 'id': 1630245}
2024-03-08 10:48:03,235 - active_players - INFO - Inserted and updated for player: {'full_name': 'Andre Drummond', 'id': 203083}
2024-03-08 10:48:03,275 - active_players - INFO - Inserted and updated for player: {'full_name': 'Chris Duarte', 'id': 1630537}
2024-03-08 10:48:03,325 - active_players - INFO - Inserted and updated for player: {'full_name': 'Kris Dunn', 'id': 1627739}
2024-03-08 10:48:03,367 - active_players - INFO - Inserted and updated for player: {'full_name': 'Kevin Durant', 'id': 201142}
2024-03-08 10:48:03,412 - active_players - INFO - Inserted and updated for player: {'full_name': 'Jalen Duren', 'id': 1631105}
2024-03-08 10:48:03,459 - active_players - INFO - Inserted and updated for player: {'full_name': 'Tari Eason', 'id': 1631106}
2024-03-08 10:48:03,501 - active_players - INFO - Inserted and updated for player: {'full_name': 'Anthony Edwards', 'id': 1630162}
2024-03-08 10:48:03,557 - active_players - INFO - Inserted and updated for player: {'full_name': 'Kessler Edwards', 'id': 1630556}
2024-03-08 10:48:03,600 - active_players - INFO - Inserted and updated for player: {'full_name': 'Keon Ellis', 'id': 1631165}
2024-03-08 10:48:03,644 - active_players - INFO - Inserted and updated for player: {'full_name': 'Joel Embiid', 'id': 203954}
2024-03-08 10:48:03,691 - active_players - INFO - Inserted and updated for player: {'full_name': 'Drew Eubanks', 'id': 1629234}
2024-03-08 10:48:03,734 - active_players - INFO - Inserted and updated for player: {'full_name': 'Dante Exum', 'id': 203957}
2024-03-08 10:48:03,776 - active_players - INFO - Inserted and updated for player: {'full_name': 'Bruno Fernando', 'id': 1628981}
2024-03-08 10:48:03,823 - active_players - INFO - Inserted and updated for player: {'full_name': 'Dorian Finney-Smith', 'id': 1627827}
2024-03-08 10:48:03,869 - active_players - INFO - Inserted and updated for player: {'full_name': 'Malachi Flynn', 'id': 1630201}
2024-03-08 10:48:03,912 - active_players - INFO - Inserted and updated for player: {'full_name': 'Simone Fontecchio', 'id': 1631323}
2024-03-08 10:48:03,961 - active_players - INFO - Inserted and updated for player: {'full_name': 'Jordan Ford', 'id': 1630259}
2024-03-08 10:48:04,004 - active_players - INFO - Inserted and updated for player: {'full_name': 'Trent Forrest', 'id': 1630235}
2024-03-08 10:48:04,057 - active_players - INFO - Inserted and updated for player: {'full_name': 'Evan Fournier', 'id': 203095}
2024-03-08 10:48:04,096 - active_players - INFO - Inserted and updated for player: {'full_name': "De'Aaron Fox", 'id': 1628368}
2024-03-08 10:48:04,140 - active_players - INFO - Inserted and updated for player: {'full_name': 'Javon Freeman-Liberty', 'id': 1631241}
2024-03-08 10:48:04,182 - active_players - INFO - Inserted and updated for player: {'full_name': 'Alex Fudge', 'id': 1641788}
2024-03-08 10:48:04,228 - active_players - INFO - Inserted and updated for player: {'full_name': 'Markelle Fultz', 'id': 1628365}
2024-03-08 10:48:04,273 - active_players - INFO - Inserted and updated for player: {'full_name': 'Daniel Gafford', 'id': 1629655}
2024-03-08 10:48:04,323 - active_players - INFO - Inserted and updated for player: {'full_name': 'Danilo Gallinari', 'id': 201568}
2024-03-08 10:48:04,368 - active_players - INFO - Inserted and updated for player: {'full_name': 'Darius Garland', 'id': 1629636}
2024-03-08 10:48:04,448 - active_players - INFO - Inserted and updated for player: {'full_name': 'Usman Garuba', 'id': 1630586}
2024-03-08 10:48:04,494 - active_players - INFO - Inserted and updated for player: {'full_name': 'Luka Garza', 'id': 1630568}
2024-03-08 10:48:04,536 - active_players - INFO - Inserted and updated for player: {'full_name': 'Kaiser Gates', 'id': 1629232}
2024-03-08 10:48:04,579 - active_players - INFO - Inserted and updated for player: {'full_name': 'Keyonte George', 'id': 1641718}
2024-03-08 10:48:04,635 - active_players - INFO - Inserted and updated for player: {'full_name': 'Paul George', 'id': 202331}
2024-03-08 10:48:04,676 - active_players - INFO - Inserted and updated for player: {'full_name': 'Josh Giddey', 'id': 1630581}
2024-03-08 10:48:04,718 - active_players - INFO - Inserted and updated for player: {'full_name': 'Harry Giles III', 'id': 1628385}
2024-03-08 10:48:04,759 - active_players - INFO - Inserted and updated for player: {'full_name': 'Shai Gilgeous-Alexander', 'id': 1628983}
2024-03-08 10:48:04,800 - active_players - INFO - Inserted and updated for player: {'full_name': 'Anthony Gill', 'id': 1630264}
2024-03-08 10:48:04,840 - active_players - INFO - Inserted and updated for player: {'full_name': 'Collin Gillespie', 'id': 1631221}
2024-03-08 10:48:04,888 - active_players - INFO - Inserted and updated for player: {'full_name': 'Jacob Gilyard', 'id': 1631367}
2024-03-08 10:48:04,927 - active_players - INFO - Inserted and updated for player: {'full_name': 'Rudy Gobert', 'id': 203497}
2024-03-08 10:48:04,984 - active_players - INFO - Inserted and updated for player: {'full_name': 'Jordan Goodwin', 'id': 1630692}
2024-03-08 10:48:05,023 - active_players - INFO - Inserted and updated for player: {'full_name': 'Aaron Gordon', 'id': 203932}
2024-03-08 10:48:05,069 - active_players - INFO - Inserted and updated for player: {'full_name': 'Eric Gordon', 'id': 201569}
2024-03-08 10:48:05,124 - active_players - INFO - Inserted and updated for player: {'full_name': "Devonte' Graham", 'id': 1628984}
2024-03-08 10:48:05,168 - active_players - INFO - Inserted and updated for player: {'full_name': 'Jerami Grant', 'id': 203924}
2024-03-08 10:48:05,208 - active_players - INFO - Inserted and updated for player: {'full_name': 'AJ Green', 'id': 1631260}
2024-03-08 10:48:05,247 - active_players - INFO - Inserted and updated for player: {'full_name': 'Danny Green', 'id': 201980}
2024-03-08 10:48:05,288 - active_players - INFO - Inserted and updated for player: {'full_name': 'Draymond Green', 'id': 203110}
2024-03-08 10:48:05,328 - active_players - INFO - Inserted and updated for player: {'full_name': 'Jalen Green', 'id': 1630224}
2024-03-08 10:48:05,368 - active_players - INFO - Inserted and updated for player: {'full_name': 'Jeff Green', 'id': 201145}
2024-03-08 10:48:05,408 - active_players - INFO - Inserted and updated for player: {'full_name': 'Josh Green', 'id': 1630182}
2024-03-08 10:48:05,457 - active_players - INFO - Inserted and updated for player: {'full_name': 'AJ Griffin', 'id': 1631100}
2024-03-08 10:48:05,500 - active_players - INFO - Inserted and updated for player: {'full_name': 'Quentin Grimes', 'id': 1629656}
2024-03-08 10:48:05,544 - active_players - INFO - Inserted and updated for player: {'full_name': 'Mouhamed Gueye', 'id': 1631243}
2024-03-08 10:48:05,587 - active_players - INFO - Inserted and updated for player: {'full_name': 'Rui Hachimura', 'id': 1629060}
2024-03-08 10:48:05,627 - active_players - INFO - Inserted and updated for player: {'full_name': 'Tyrese Haliburton', 'id': 1630169}
2024-03-08 10:48:05,679 - active_players - INFO - Inserted and updated for player: {'full_name': 'R.J. Hampton', 'id': 1630181}
2024-03-08 10:48:05,720 - active_players - INFO - Inserted and updated for player: {'full_name': 'Tim Hardaway Jr.', 'id': 203501}
2024-03-08 10:48:05,763 - active_players - INFO - Inserted and updated for player: {'full_name': 'James Harden', 'id': 201935}
2024-03-08 10:48:05,809 - active_players - INFO - Inserted and updated for player: {'full_name': 'Jaden Hardy', 'id': 1630702}
2024-03-08 10:48:05,856 - active_players - INFO - Inserted and updated for player: {'full_name': 'Ron Harper Jr.', 'id': 1631199}
2024-03-08 10:48:05,896 - active_players - INFO - Inserted and updated for player: {'full_name': 'Gary Harris', 'id': 203914}
2024-03-08 10:48:05,939 - active_players - INFO - Inserted and updated for player: {'full_name': 'Joe Harris', 'id': 203925}
2024-03-08 10:48:05,987 - active_players - INFO - Inserted and updated for player: {'full_name': 'Kevon Harris', 'id': 1630284}
2024-03-08 10:48:06,031 - active_players - INFO - Inserted and updated for player: {'full_name': 'Tobias Harris', 'id': 202699}
2024-03-08 10:48:06,080 - active_players - INFO - Inserted and updated for player: {'full_name': 'Josh Hart', 'id': 1628404}
2024-03-08 10:48:06,124 - active_players - INFO - Inserted and updated for player: {'full_name': 'Isaiah Hartenstein', 'id': 1628392}
2024-03-08 10:48:06,169 - active_players - INFO - Inserted and updated for player: {'full_name': 'Sam Hauser', 'id': 1630573}
2024-03-08 10:48:06,211 - active_players - INFO - Inserted and updated for player: {'full_name': 'Jordan Hawkins', 'id': 1641722}
2024-03-08 10:48:06,251 - active_players - INFO - Inserted and updated for player: {'full_name': 'Jaxson Hayes', 'id': 1629637}
2024-03-08 10:48:06,292 - active_players - INFO - Inserted and updated for player: {'full_name': 'Killian Hayes', 'id': 1630165}
2024-03-08 10:48:06,335 - active_players - INFO - Inserted and updated for player: {'full_name': 'Gordon Hayward', 'id': 202330}
2024-03-08 10:48:06,376 - active_players - INFO - Inserted and updated for player: {'full_name': 'Scoot Henderson', 'id': 1630703}
2024-03-08 10:48:06,463 - active_players - INFO - Inserted and updated for player: {'full_name': 'Taylor Hendricks', 'id': 1641707}
2024-03-08 10:48:06,518 - active_players - INFO - Inserted and updated for player: {'full_name': 'Tyler Herro', 'id': 1629639}
2024-03-08 10:48:06,559 - active_players - INFO - Inserted and updated for player: {'full_name': 'Buddy Hield', 'id': 1627741}
2024-03-08 10:48:06,604 - active_players - INFO - Inserted and updated for player: {'full_name': 'Haywood Highsmith', 'id': 1629312}
2024-03-08 10:48:06,658 - active_players - INFO - Inserted and updated for player: {'full_name': 'Nate Hinton', 'id': 1630207}
2024-03-08 10:48:06,699 - active_players - INFO - Inserted and updated for player: {'full_name': "D'Moi Hodge", 'id': 1641793}
2024-03-08 10:48:06,741 - active_players - INFO - Inserted and updated for player: {'full_name': 'Aaron Holiday', 'id': 1628988}
2024-03-08 10:48:06,784 - active_players - INFO - Inserted and updated for player: {'full_name': 'Jrue Holiday', 'id': 201950}
2024-03-08 10:48:06,825 - active_players - INFO - Inserted and updated for player: {'full_name': 'Justin Holiday', 'id': 203200}
2024-03-08 10:48:06,875 - active_players - INFO - Inserted and updated for player: {'full_name': 'Richaun Holmes', 'id': 1626158}
2024-03-08 10:48:06,921 - active_players - INFO - Inserted and updated for player: {'full_name': 'Chet Holmgren', 'id': 1631096}
2024-03-08 10:48:06,965 - active_players - INFO - Inserted and updated for player: {'full_name': 'Jalen Hood-Schifino', 'id': 1641720}
2024-03-08 10:48:07,014 - active_players - INFO - Inserted and updated for player: {'full_name': 'Al Horford', 'id': 201143}
2024-03-08 10:48:07,060 - active_players - INFO - Inserted and updated for player: {'full_name': 'Talen Horton-Tucker', 'id': 1629659}
2024-03-08 10:48:07,103 - active_players - INFO - Inserted and updated for player: {'full_name': 'Danuel House Jr.', 'id': 1627863}
2024-03-08 10:48:07,143 - active_players - INFO - Inserted and updated for player: {'full_name': 'Caleb Houstan', 'id': 1631216}
2024-03-08 10:48:07,186 - active_players - INFO - Inserted and updated for player: {'full_name': 'Jett Howard', 'id': 1641724}
2024-03-08 10:48:07,228 - active_players - INFO - Inserted and updated for player: {'full_name': 'Kevin Huerter', 'id': 1628989}
2024-03-08 10:48:07,268 - active_players - INFO - Inserted and updated for player: {'full_name': 'Jay Huff', 'id': 1630643}
2024-03-08 10:48:07,309 - active_players - INFO - Inserted and updated for player: {'full_name': "De'Andre Hunter", 'id': 1629631}
2024-03-08 10:48:07,358 - active_players - INFO - Inserted and updated for player: {'full_name': 'Bones Hyland', 'id': 1630538}
2024-03-08 10:48:07,420 - active_players - INFO - Inserted and updated for player: {'full_name': 'Joe Ingles', 'id': 204060}
2024-03-08 10:48:07,460 - active_players - INFO - Inserted and updated for player: {'full_name': 'Brandon Ingram', 'id': 1627742}
2024-03-08 10:48:07,503 - active_players - INFO - Inserted and updated for player: {'full_name': 'Kyrie Irving', 'id': 202681}
2024-03-08 10:48:07,557 - active_players - INFO - Inserted and updated for player: {'full_name': 'Jonathan Isaac', 'id': 1628371}
2024-03-08 10:48:07,596 - active_players - INFO - Inserted and updated for player: {'full_name': 'Jaden Ivey', 'id': 1631093}
2024-03-08 10:48:07,640 - active_players - INFO - Inserted and updated for player: {'full_name': 'GG Jackson', 'id': 1641713}
2024-03-08 10:48:07,692 - active_players - INFO - Inserted and updated for player: {'full_name': 'Isaiah Jackson', 'id': 1630543}
2024-03-08 10:48:07,744 - active_players - INFO - Inserted and updated for player: {'full_name': 'Reggie Jackson', 'id': 202704}
2024-03-08 10:48:07,796 - active_players - INFO - Inserted and updated for player: {'full_name': 'Andre Jackson Jr.', 'id': 1641748}
2024-03-08 10:48:07,839 - active_players - INFO - Inserted and updated for player: {'full_name': 'Jaren Jackson Jr.', 'id': 1628991}
2024-03-08 10:48:07,888 - active_players - INFO - Inserted and updated for player: {'full_name': 'Trayce Jackson-Davis', 'id': 1631218}
2024-03-08 10:48:07,928 - active_players - INFO - Inserted and updated for player: {'full_name': 'LeBron James', 'id': 2544}
2024-03-08 10:48:07,970 - active_players - INFO - Inserted and updated for player: {'full_name': 'Jaime Jaquez Jr.', 'id': 1631170}
2024-03-08 10:48:08,021 - active_players - INFO - Inserted and updated for player: {'full_name': 'DaQuan Jeffries', 'id': 1629610}
2024-03-08 10:48:08,074 - active_players - INFO - Inserted and updated for player: {'full_name': 'Ty Jerome', 'id': 1629660}
2024-03-08 10:48:08,115 - active_players - INFO - Inserted and updated for player: {'full_name': 'Isaiah Joe', 'id': 1630198}
2024-03-08 10:48:08,156 - active_players - INFO - Inserted and updated for player: {'full_name': 'Cameron Johnson', 'id': 1629661}
2024-03-08 10:48:08,195 - active_players - INFO - Inserted and updated for player: {'full_name': 'Jalen Johnson', 'id': 1630552}
2024-03-08 10:48:08,235 - active_players - INFO - Inserted and updated for player: {'full_name': 'Keldon Johnson', 'id': 1629640}
2024-03-08 10:48:08,275 - active_players - INFO - Inserted and updated for player: {'full_name': 'Keon Johnson', 'id': 1630553}
2024-03-08 10:48:08,316 - active_players - INFO - Inserted and updated for player: {'full_name': 'Keyontae Johnson', 'id': 1641749}
2024-03-08 10:48:08,356 - active_players - INFO - Inserted and updated for player: {'full_name': 'Nikola Jokic', 'id': 203999}
2024-03-08 10:48:08,439 - active_players - INFO - Inserted and updated for player: {'full_name': 'Colby Jones', 'id': 1641732}
2024-03-08 10:48:08,495 - active_players - INFO - Inserted and updated for player: {'full_name': 'Damian Jones', 'id': 1627745}
2024-03-08 10:48:08,536 - active_players - INFO - Inserted and updated for player: {'full_name': 'Herbert Jones', 'id': 1630529}
2024-03-08 10:48:08,576 - active_players - INFO - Inserted and updated for player: {'full_name': 'Tre Jones', 'id': 1630200}
2024-03-08 10:48:08,619 - active_players - INFO - Inserted and updated for player: {'full_name': 'Tyus Jones', 'id': 1626145}
2024-03-08 10:48:08,660 - active_players - INFO - Inserted and updated for player: {'full_name': 'Derrick Jones Jr.', 'id': 1627884}
2024-03-08 10:48:08,704 - active_players - INFO - Inserted and updated for player: {'full_name': 'DeAndre Jordan', 'id': 201599}
2024-03-08 10:48:08,767 - active_players - INFO - Inserted and updated for player: {'full_name': 'Cory Joseph', 'id': 202709}
2024-03-08 10:48:08,824 - active_players - INFO - Inserted and updated for player: {'full_name': 'Nikola Jovic', 'id': 1631107}
2024-03-08 10:48:08,876 - active_players - INFO - Inserted and updated for player: {'full_name': 'Johnny Juzang', 'id': 1630548}
2024-03-08 10:48:08,920 - active_players - INFO - Inserted and updated for player: {'full_name': 'Luke Kennard', 'id': 1628379}
2024-03-08 10:48:08,964 - active_players - INFO - Inserted and updated for player: {'full_name': 'Walker Kessler', 'id': 1631117}
2024-03-08 10:48:09,008 - active_players - INFO - Inserted and updated for player: {'full_name': 'Braxton Key', 'id': 1630296}
2024-03-08 10:48:09,056 - active_players - INFO - Inserted and updated for player: {'full_name': 'Corey Kispert', 'id': 1630557}
2024-03-08 10:48:09,104 - active_players - INFO - Inserted and updated for player: {'full_name': 'Maxi Kleber', 'id': 1628467}
2024-03-08 10:48:09,156 - active_players - INFO - Inserted and updated for player: {'full_name': 'Nathan Knight', 'id': 1630233}
2024-03-08 10:48:09,196 - active_players - INFO - Inserted and updated for player: {'full_name': 'Kevin Knox II', 'id': 1628995}
2024-03-08 10:48:09,239 - active_players - INFO - Inserted and updated for player: {'full_name': 'Christian Koloko', 'id': 1631132}
2024-03-08 10:48:09,288 - active_players - INFO - Inserted and updated for player: {'full_name': 'John Konchar', 'id': 1629723}
2024-03-08 10:48:09,328 - active_players - INFO - Inserted and updated for player: {'full_name': 'Furkan Korkmaz', 'id': 1627788}
2024-03-08 10:48:09,368 - active_players - INFO - Inserted and updated for player: {'full_name': 'Luke Kornet', 'id': 1628436}
2024-03-08 10:48:09,411 - active_players - INFO - Inserted and updated for player: {'full_name': 'Jonathan Kuminga', 'id': 1630228}
2024-03-08 10:48:09,453 - active_players - INFO - Inserted and updated for player: {'full_name': 'Kyle Kuzma', 'id': 1628398}
2024-03-08 10:48:09,496 - active_players - INFO - Inserted and updated for player: {'full_name': 'Jake LaRavia', 'id': 1631222}
2024-03-08 10:48:09,536 - active_players - INFO - Inserted and updated for player: {'full_name': 'Zach LaVine', 'id': 203897}
2024-03-08 10:48:09,576 - active_players - INFO - Inserted and updated for player: {'full_name': 'Jock Landale', 'id': 1629111}
2024-03-08 10:48:09,617 - active_players - INFO - Inserted and updated for player: {'full_name': 'A.J. Lawson', 'id': 1630639}
2024-03-08 10:48:09,666 - active_players - INFO - Inserted and updated for player: {'full_name': 'Caris LeVert', 'id': 1627747}
2024-03-08 10:48:09,711 - active_players - INFO - Inserted and updated for player: {'full_name': 'Damion Lee', 'id': 1627814}
2024-03-08 10:48:09,771 - active_players - INFO - Inserted and updated for player: {'full_name': 'Saben Lee', 'id': 1630240}
2024-03-08 10:48:09,821 - active_players - INFO - Inserted and updated for player: {'full_name': 'Alex Len', 'id': 203458}
2024-03-08 10:48:09,868 - active_players - INFO - Inserted and updated for player: {'full_name': 'Kawhi Leonard', 'id': 202695}
2024-03-08 10:48:09,920 - active_players - INFO - Inserted and updated for player: {'full_name': 'Justin Lewis', 'id': 1631171}
2024-03-08 10:48:09,964 - active_players - INFO - Inserted and updated for player: {'full_name': 'Maxwell Lewis', 'id': 1641721}
2024-03-08 10:48:10,016 - active_players - INFO - Inserted and updated for player: {'full_name': 'Kira Lewis Jr.', 'id': 1630184}
2024-03-08 10:48:10,060 - active_players - INFO - Inserted and updated for player: {'full_name': 'E.J. Liddell', 'id': 1630604}
2024-03-08 10:48:10,111 - active_players - INFO - Inserted and updated for player: {'full_name': 'Damian Lillard', 'id': 203081}
2024-03-08 10:48:10,159 - active_players - INFO - Inserted and updated for player: {'full_name': 'Nassir Little', 'id': 1629642}
2024-03-08 10:48:10,200 - active_players - INFO - Inserted and updated for player: {'full_name': 'Dereck Lively II', 'id': 1641726}
2024-03-08 10:48:10,241 - active_players - INFO - Inserted and updated for player: {'full_name': 'Isaiah Livers', 'id': 1630587}
2024-03-08 10:48:10,285 - active_players - INFO - Inserted and updated for player: {'full_name': 'Chris Livingston', 'id': 1641753}
2024-03-08 10:48:10,327 - active_players - INFO - Inserted and updated for player: {'full_name': 'Kenneth Lofton Jr.', 'id': 1631254}
2024-03-08 10:48:10,369 - active_players - INFO - Inserted and updated for player: {'full_name': 'Kevon Looney', 'id': 1626172}
2024-03-08 10:48:10,448 - active_players - INFO - Inserted and updated for player: {'full_name': 'Brook Lopez', 'id': 201572}
2024-03-08 10:48:10,493 - active_players - INFO - Inserted and updated for player: {'full_name': 'Robin Lopez', 'id': 201577}
2024-03-08 10:48:10,560 - active_players - INFO - Inserted and updated for player: {'full_name': 'Kevin Love', 'id': 201567}
2024-03-08 10:48:10,604 - active_players - INFO - Inserted and updated for player: {'full_name': 'Kyle Lowry', 'id': 200768}
2024-03-08 10:48:10,653 - active_players - INFO - Inserted and updated for player: {'full_name': 'Seth Lundy', 'id': 1641754}
2024-03-08 10:48:10,700 - active_players - INFO - Inserted and updated for player: {'full_name': 'Trey Lyles', 'id': 1626168}
2024-03-08 10:48:10,753 - active_players - INFO - Inserted and updated for player: {'full_name': 'Theo Maledon', 'id': 1630177}
2024-03-08 10:48:10,797 - active_players - INFO - Inserted and updated for player: {'full_name': 'Sandro Mamukelashvili', 'id': 1630572}
2024-03-08 10:48:10,840 - active_players - INFO - Inserted and updated for player: {'full_name': 'Terance Mann', 'id': 1629611}
2024-03-08 10:48:10,888 - active_players - INFO - Inserted and updated for player: {'full_name': 'Tre Mann', 'id': 1630544}
2024-03-08 10:48:10,932 - active_players - INFO - Inserted and updated for player: {'full_name': 'Boban Marjanovic', 'id': 1626246}
2024-03-08 10:48:10,983 - active_players - INFO - Inserted and updated for player: {'full_name': 'Lauri Markkanen', 'id': 1628374}
2024-03-08 10:48:11,024 - active_players - INFO - Inserted and updated for player: {'full_name': 'Naji Marshall', 'id': 1630230}
2024-03-08 10:48:11,069 - active_players - INFO - Inserted and updated for player: {'full_name': 'Caleb Martin', 'id': 1628997}
2024-03-08 10:48:11,111 - active_players - INFO - Inserted and updated for player: {'full_name': 'Cody Martin', 'id': 1628998}
2024-03-08 10:48:11,151 - active_players - INFO - Inserted and updated for player: {'full_name': 'KJ Martin', 'id': 1630231}
2024-03-08 10:48:11,191 - active_players - INFO - Inserted and updated for player: {'full_name': 'Garrison Mathews', 'id': 1629726}
2024-03-08 10:48:11,240 - active_players - INFO - Inserted and updated for player: {'full_name': 'Bennedict Mathurin', 'id': 1631097}
2024-03-08 10:48:11,283 - active_players - INFO - Inserted and updated for player: {'full_name': 'Wesley Matthews', 'id': 202083}
2024-03-08 10:48:11,327 - active_players - INFO - Inserted and updated for player: {'full_name': 'Tyrese Maxey', 'id': 1630178}
2024-03-08 10:48:11,380 - active_players - INFO - Inserted and updated for player: {'full_name': 'Skylar Mays', 'id': 1630219}
2024-03-08 10:48:11,423 - active_players - INFO - Inserted and updated for player: {'full_name': 'Miles McBride', 'id': 1630540}
2024-03-08 10:48:11,463 - active_players - INFO - Inserted and updated for player: {'full_name': 'CJ McCollum', 'id': 203468}
2024-03-08 10:48:11,532 - active_players - INFO - Inserted and updated for player: {'full_name': 'T.J. McConnell', 'id': 204456}
2024-03-08 10:48:11,583 - active_players - INFO - Inserted and updated for player: {'full_name': 'Jaden McDaniels', 'id': 1630183}
2024-03-08 10:48:11,630 - active_players - INFO - Inserted and updated for player: {'full_name': 'Jalen McDaniels', 'id': 1629667}
2024-03-08 10:48:11,678 - active_players - INFO - Inserted and updated for player: {'full_name': 'Doug McDermott', 'id': 203926}
2024-03-08 10:48:11,723 - active_players - INFO - Inserted and updated for player: {'full_name': 'JaVale McGee', 'id': 201580}
2024-03-08 10:48:11,784 - active_players - INFO - Inserted and updated for player: {'full_name': 'Bryce McGowens', 'id': 1631121}
2024-03-08 10:48:11,827 - active_players - INFO - Inserted and updated for player: {'full_name': 'Jordan McLaughlin', 'id': 1629162}
2024-03-08 10:48:11,875 - active_players - INFO - Inserted and updated for player: {'full_name': "De'Anthony Melton", 'id': 1629001}
2024-03-08 10:48:11,915 - active_players - INFO - Inserted and updated for player: {'full_name': 'Sam Merrill', 'id': 1630241}
2024-03-08 10:48:11,961 - active_players - INFO - Inserted and updated for player: {'full_name': 'Chimezie Metu', 'id': 1629002}
2024-03-08 10:48:12,006 - active_players - INFO - Inserted and updated for player: {'full_name': 'Vasilije Micic', 'id': 203995}
2024-03-08 10:48:12,059 - active_players - INFO - Inserted and updated for player: {'full_name': 'Khris Middleton', 'id': 203114}
2024-03-08 10:48:12,099 - active_players - INFO - Inserted and updated for player: {'full_name': 'Brandon Miller', 'id': 1641706}
2024-03-08 10:48:12,160 - active_players - INFO - Inserted and updated for player: {'full_name': 'Jordan Miller', 'id': 1641757}
2024-03-08 10:48:12,207 - active_players - INFO - Inserted and updated for player: {'full_name': 'Leonard Miller', 'id': 1631159}
2024-03-08 10:48:12,263 - active_players - INFO - Inserted and updated for player: {'full_name': 'Patty Mills', 'id': 201988}
2024-03-08 10:48:12,308 - active_players - INFO - Inserted and updated for player: {'full_name': 'Shake Milton', 'id': 1629003}
2024-03-08 10:48:12,360 - active_players - INFO - Inserted and updated for player: {'full_name': 'Justin Minaya', 'id': 1631303}
2024-03-08 10:48:12,449 - active_players - INFO - Inserted and updated for player: {'full_name': 'Josh Minott', 'id': 1631169}
2024-03-08 10:48:12,491 - active_players - INFO - Inserted and updated for player: {'full_name': 'Davion Mitchell', 'id': 1630558}
2024-03-08 10:48:12,532 - active_players - INFO - Inserted and updated for player: {'full_name': 'Donovan Mitchell', 'id': 1628378}
2024-03-08 10:48:12,575 - active_players - INFO - Inserted and updated for player: {'full_name': 'Evan Mobley', 'id': 1630596}
2024-03-08 10:48:12,619 - active_players - INFO - Inserted and updated for player: {'full_name': 'Isaiah Mobley', 'id': 1630600}
2024-03-08 10:48:12,667 - active_players - INFO - Inserted and updated for player: {'full_name': 'Malik Monk', 'id': 1628370}
2024-03-08 10:48:12,707 - active_players - INFO - Inserted and updated for player: {'full_name': 'Moses Moody', 'id': 1630541}
2024-03-08 10:48:12,750 - active_players - INFO - Inserted and updated for player: {'full_name': 'Wendell Moore Jr.', 'id': 1631111}
2024-03-08 10:48:12,791 - active_players - INFO - Inserted and updated for player: {'full_name': 'Ja Morant', 'id': 1629630}
2024-03-08 10:48:12,832 - active_players - INFO - Inserted and updated for player: {'full_name': 'Markieff Morris', 'id': 202693}
2024-03-08 10:48:12,876 - active_players - INFO - Inserted and updated for player: {'full_name': 'Monte Morris', 'id': 1628420}
2024-03-08 10:48:12,919 - active_players - INFO - Inserted and updated for player: {'full_name': 'Marcus Morris Sr.', 'id': 202694}
2024-03-08 10:48:12,961 - active_players - INFO - Inserted and updated for player: {'full_name': 'Trey Murphy III', 'id': 1630530}
2024-03-08 10:48:13,007 - active_players - INFO - Inserted and updated for player: {'full_name': 'Dejounte Murray', 'id': 1627749}
2024-03-08 10:48:13,051 - active_players - INFO - Inserted and updated for player: {'full_name': 'Jamal Murray', 'id': 1627750}
2024-03-08 10:48:13,095 - active_players - INFO - Inserted and updated for player: {'full_name': 'Keegan Murray', 'id': 1631099}
2024-03-08 10:48:13,144 - active_players - INFO - Inserted and updated for player: {'full_name': 'Kris Murray', 'id': 1631200}
2024-03-08 10:48:13,190 - active_players - INFO - Inserted and updated for player: {'full_name': 'Mike Muscala', 'id': 203488}
2024-03-08 10:48:13,236 - active_players - INFO - Inserted and updated for player: {'full_name': 'Svi Mykhailiuk', 'id': 1629004}
2024-03-08 10:48:13,291 - active_players - INFO - Inserted and updated for player: {'full_name': 'Larry Nance Jr.', 'id': 1626204}
2024-03-08 10:48:13,335 - active_players - INFO - Inserted and updated for player: {'full_name': 'Andrew Nembhard', 'id': 1629614}
2024-03-08 10:48:13,388 - active_players - INFO - Inserted and updated for player: {'full_name': 'Aaron Nesmith', 'id': 1630174}
2024-03-08 10:48:13,435 - active_players - INFO - Inserted and updated for player: {'full_name': 'Georges Niang', 'id': 1627777}
2024-03-08 10:48:13,478 - active_players - INFO - Inserted and updated for player: {'full_name': 'Daishen Nix', 'id': 1630227}
2024-03-08 10:48:13,540 - active_players - INFO - Inserted and updated for player: {'full_name': 'Zeke Nnaji', 'id': 1630192}
2024-03-08 10:48:13,583 - active_players - INFO - Inserted and updated for player: {'full_name': 'Miles Norris', 'id': 1641936}
2024-03-08 10:48:13,622 - active_players - INFO - Inserted and updated for player: {'full_name': 'Markquis Nowell', 'id': 1641806}
2024-03-08 10:48:13,667 - active_players - INFO - Inserted and updated for player: {'full_name': 'Frank Ntilikina', 'id': 1628373}
2024-03-08 10:48:13,707 - active_players - INFO - Inserted and updated for player: {'full_name': 'Jusuf Nurkic', 'id': 203994}
2024-03-08 10:48:13,747 - active_players - INFO - Inserted and updated for player: {'full_name': 'Jordan Nwora', 'id': 1629670}
2024-03-08 10:48:13,787 - active_players - INFO - Inserted and updated for player: {'full_name': "Royce O'Neale", 'id': 1626220}
2024-03-08 10:48:13,827 - active_players - INFO - Inserted and updated for player: {'full_name': 'Chuma Okeke', 'id': 1629643}
2024-03-08 10:48:13,875 - active_players - INFO - Inserted and updated for player: {'full_name': 'Josh Okogie', 'id': 1629006}
2024-03-08 10:48:13,915 - active_players - INFO - Inserted and updated for player: {'full_name': 'Onyeka Okongwu', 'id': 1630168}
2024-03-08 10:48:13,961 - active_players - INFO - Inserted and updated for player: {'full_name': 'Isaac Okoro', 'id': 1630171}
2024-03-08 10:48:14,004 - active_players - INFO - Inserted and updated for player: {'full_name': 'Victor Oladipo', 'id': 203506}
2024-03-08 10:48:14,048 - active_players - INFO - Inserted and updated for player: {'full_name': 'Kelly Olynyk', 'id': 203482}
2024-03-08 10:48:14,089 - active_players - INFO - Inserted and updated for player: {'full_name': 'Eugene Omoruyi', 'id': 1630647}
2024-03-08 10:48:14,132 - active_players - INFO - Inserted and updated for player: {'full_name': 'Cedi Osman', 'id': 1626224}
2024-03-08 10:48:14,175 - active_players - INFO - Inserted and updated for player: {'full_name': 'Kelly Oubre Jr.', 'id': 1626162}
2024-03-08 10:48:14,216 - active_players - INFO - Inserted and updated for player: {'full_name': 'Chris Paul', 'id': 101108}
2024-03-08 10:48:14,262 - active_players - INFO - Inserted and updated for player: {'full_name': 'Cameron Payne', 'id': 1626166}
2024-03-08 10:48:14,303 - active_players - INFO - Inserted and updated for player: {'full_name': 'Gary Payton II', 'id': 1627780}
2024-03-08 10:48:14,351 - active_players - INFO - Inserted and updated for player: {'full_name': 'Filip Petrusev', 'id': 1630196}
2024-03-08 10:48:14,430 - active_players - INFO - Inserted and updated for player: {'full_name': 'Julian Phillips', 'id': 1641763}
2024-03-08 10:48:14,500 - active_players - INFO - Inserted and updated for player: {'full_name': 'Jalen Pickett', 'id': 1629618}
2024-03-08 10:48:14,539 - active_players - INFO - Inserted and updated for player: {'full_name': 'Mason Plumlee', 'id': 203486}
2024-03-08 10:48:14,581 - active_players - INFO - Inserted and updated for player: {'full_name': 'Brandin Podziemski', 'id': 1641764}
2024-03-08 10:48:14,627 - active_players - INFO - Inserted and updated for player: {'full_name': 'Jakob Poeltl', 'id': 1627751}
2024-03-08 10:48:14,683 - active_players - INFO - Inserted and updated for player: {'full_name': 'Aleksej Pokusevski', 'id': 1630197}
2024-03-08 10:48:14,724 - active_players - INFO - Inserted and updated for player: {'full_name': 'Jordan Poole', 'id': 1629673}
2024-03-08 10:48:14,771 - active_players - INFO - Inserted and updated for player: {'full_name': 'Craig Porter', 'id': 1641854}
2024-03-08 10:48:14,816 - active_players - INFO - Inserted and updated for player: {'full_name': 'Michael Porter Jr.', 'id': 1629008}
2024-03-08 10:48:14,865 - active_players - INFO - Inserted and updated for player: {'full_name': 'Otto Porter Jr.', 'id': 203490}
2024-03-08 10:48:14,907 - active_players - INFO - Inserted and updated for player: {'full_name': 'Bobby Portis', 'id': 1626171}
2024-03-08 10:48:14,951 - active_players - INFO - Inserted and updated for player: {'full_name': 'Kristaps Porzingis', 'id': 204001}
2024-03-08 10:48:14,999 - active_players - INFO - Inserted and updated for player: {'full_name': 'Micah Potter', 'id': 1630695}
2024-03-08 10:48:15,044 - active_players - INFO - Inserted and updated for player: {'full_name': 'Dwight Powell', 'id': 203939}
2024-03-08 10:48:15,091 - active_players - INFO - Inserted and updated for player: {'full_name': 'Norman Powell', 'id': 1626181}
2024-03-08 10:48:15,134 - active_players - INFO - Inserted and updated for player: {'full_name': 'Joshua Primo', 'id': 1630563}
2024-03-08 10:48:15,181 - active_players - INFO - Inserted and updated for player: {'full_name': 'Taurean Prince', 'id': 1627752}
2024-03-08 10:48:15,224 - active_players - INFO - Inserted and updated for player: {'full_name': 'Payton Pritchard', 'id': 1630202}
2024-03-08 10:48:15,265 - active_players - INFO - Inserted and updated for player: {'full_name': 'Olivier-Maxence Prosper', 'id': 1641765}
2024-03-08 10:48:15,309 - active_players - INFO - Inserted and updated for player: {'full_name': 'Trevelin Queen', 'id': 1630243}
2024-03-08 10:48:15,359 - active_players - INFO - Inserted and updated for player: {'full_name': 'Neemias Queta', 'id': 1629674}
2024-03-08 10:48:15,399 - active_players - INFO - Inserted and updated for player: {'full_name': 'Immanuel Quickley', 'id': 1630193}
2024-03-08 10:48:15,439 - active_players - INFO - Inserted and updated for player: {'full_name': 'Lester Quinones', 'id': 1631311}
2024-03-08 10:48:15,492 - active_players - INFO - Inserted and updated for player: {'full_name': 'Julius Randle', 'id': 203944}
2024-03-08 10:48:15,536 - active_players - INFO - Inserted and updated for player: {'full_name': 'Duop Reath', 'id': 1641871}
2024-03-08 10:48:15,580 - active_players - INFO - Inserted and updated for player: {'full_name': 'Austin Reaves', 'id': 1630559}
2024-03-08 10:48:15,625 - active_players - INFO - Inserted and updated for player: {'full_name': 'Cam Reddish', 'id': 1629629}
2024-03-08 10:48:15,684 - active_players - INFO - Inserted and updated for player: {'full_name': 'Paul Reed', 'id': 1630194}
2024-03-08 10:48:15,724 - active_players - INFO - Inserted and updated for player: {'full_name': 'Naz Reid', 'id': 1629675}
2024-03-08 10:48:15,772 - active_players - INFO - Inserted and updated for player: {'full_name': 'Jared Rhoden', 'id': 1631197}
2024-03-08 10:48:15,815 - active_players - INFO - Inserted and updated for player: {'full_name': "Sir'Jabari Rice", 'id': 1641811}
2024-03-08 10:48:15,865 - active_players - INFO - Inserted and updated for player: {'full_name': 'Nick Richards', 'id': 1630208}
2024-03-08 10:48:15,907 - active_players - INFO - Inserted and updated for player: {'full_name': 'Josh Richardson', 'id': 1626196}
2024-03-08 10:48:15,947 - active_players - INFO - Inserted and updated for player: {'full_name': 'Duncan Robinson', 'id': 1629130}
2024-03-08 10:48:15,988 - active_players - INFO - Inserted and updated for player: {'full_name': 'Jerome Robinson', 'id': 1629010}
2024-03-08 10:48:16,458 - active_players - INFO - Inserted and updated for player: {'full_name': 'Mitchell Robinson', 'id': 1629011}
2024-03-08 10:48:16,511 - active_players - INFO - Inserted and updated for player: {'full_name': 'Orlando Robinson', 'id': 1631115}
2024-03-08 10:48:16,556 - active_players - INFO - Inserted and updated for player: {'full_name': 'Jeremiah Robinson-Earl', 'id': 1630526}
2024-03-08 10:48:16,608 - active_players - INFO - Inserted and updated for player: {'full_name': 'David Roddy', 'id': 1631223}
2024-03-08 10:48:16,660 - active_players - INFO - Inserted and updated for player: {'full_name': 'Ryan Rollins', 'id': 1631157}
2024-03-08 10:48:16,704 - active_players - INFO - Inserted and updated for player: {'full_name': 'Derrick Rose', 'id': 201565}
2024-03-08 10:48:16,748 - active_players - INFO - Inserted and updated for player: {'full_name': 'Terry Rozier', 'id': 1626179}
2024-03-08 10:48:16,788 - active_players - INFO - Inserted and updated for player: {'full_name': 'Ricky Rubio', 'id': 201937}
2024-03-08 10:48:16,828 - active_players - INFO - Inserted and updated for player: {'full_name': 'Rayan Rupert', 'id': 1641712}
2024-03-08 10:48:16,881 - active_players - INFO - Inserted and updated for player: {'full_name': "D'Angelo Russell", 'id': 1626156}
2024-03-08 10:48:16,923 - active_players - INFO - Inserted and updated for player: {'full_name': 'Matt Ryan', 'id': 1630346}
2024-03-08 10:48:16,967 - active_players - INFO - Inserted and updated for player: {'full_name': 'Domantas Sabonis', 'id': 1627734}
2024-03-08 10:48:17,008 - active_players - INFO - Inserted and updated for player: {'full_name': 'Luka Samanic', 'id': 1629677}
2024-03-08 10:48:17,047 - active_players - INFO - Inserted and updated for player: {'full_name': 'Jermaine Samuels Jr.', 'id': 1631257}
2024-03-08 10:48:17,088 - active_players - INFO - Inserted and updated for player: {'full_name': 'Adama Sanogo', 'id': 1641766}
2024-03-08 10:48:17,134 - active_players - INFO - Inserted and updated for player: {'full_name': 'Gui Santos', 'id': 1630611}
2024-03-08 10:48:17,175 - active_players - INFO - Inserted and updated for player: {'full_name': 'Dario Saric', 'id': 203967}
2024-03-08 10:48:17,220 - active_players - INFO - Inserted and updated for player: {'full_name': 'Olivier Sarr', 'id': 1630846}
2024-03-08 10:48:17,264 - active_players - INFO - Inserted and updated for player: {'full_name': 'Marcus Sasser', 'id': 1631204}
2024-03-08 10:48:17,308 - active_players - INFO - Inserted and updated for player: {'full_name': 'Admiral Schofield', 'id': 1629678}
2024-03-08 10:48:17,348 - active_players - INFO - Inserted and updated for player: {'full_name': 'Dennis Schroder', 'id': 203471}
2024-03-08 10:48:17,393 - active_players - INFO - Inserted and updated for player: {'full_name': 'Dereon Seabron', 'id': 1631220}
2024-03-08 10:48:17,439 - active_players - INFO - Inserted and updated for player: {'full_name': 'Alperen Sengun', 'id': 1630578}
2024-03-08 10:48:17,483 - active_players - INFO - Inserted and updated for player: {'full_name': 'Brice Sensabaugh', 'id': 1641729}
2024-03-08 10:48:17,528 - active_players - INFO - Inserted and updated for player: {'full_name': 'Collin Sexton', 'id': 1629012}
2024-03-08 10:48:17,585 - active_players - INFO - Inserted and updated for player: {'full_name': 'Landry Shamet', 'id': 1629013}
2024-03-08 10:48:17,627 - active_players - INFO - Inserted and updated for player: {'full_name': "Day'Ron Sharpe", 'id': 1630549}
2024-03-08 10:48:17,680 - active_players - INFO - Inserted and updated for player: {'full_name': 'Shaedon Sharpe', 'id': 1631101}
2024-03-08 10:48:17,723 - active_players - INFO - Inserted and updated for player: {'full_name': 'Ben Sheppard', 'id': 1641767}
2024-03-08 10:48:17,763 - active_players - INFO - Inserted and updated for player: {'full_name': 'Pascal Siakam', 'id': 1627783}
2024-03-08 10:48:17,804 - active_players - INFO - Inserted and updated for player: {'full_name': 'Ben Simmons', 'id': 1627732}
2024-03-08 10:48:17,853 - active_players - INFO - Inserted and updated for player: {'full_name': 'Anfernee Simons', 'id': 1629014}
2024-03-08 10:48:17,896 - active_players - INFO - Inserted and updated for player: {'full_name': 'Jericho Sims', 'id': 1630579}
2024-03-08 10:48:17,943 - active_players - INFO - Inserted and updated for player: {'full_name': 'Jalen Slawson', 'id': 1641771}
2024-03-08 10:48:17,993 - active_players - INFO - Inserted and updated for player: {'full_name': 'Javonte Smart', 'id': 1630606}
2024-03-08 10:48:18,033 - active_players - INFO - Inserted and updated for player: {'full_name': 'Marcus Smart', 'id': 203935}
2024-03-08 10:48:18,077 - active_players - INFO - Inserted and updated for player: {'full_name': 'Dru Smith', 'id': 1630696}
2024-03-08 10:48:18,119 - active_players - INFO - Inserted and updated for player: {'full_name': 'Ish Smith', 'id': 202397}
2024-03-08 10:48:18,161 - active_players - INFO - Inserted and updated for player: {'full_name': 'Jalen Smith', 'id': 1630188}
2024-03-08 10:48:18,204 - active_players - INFO - Inserted and updated for player: {'full_name': 'Terquavion Smith', 'id': 1631173}
2024-03-08 10:48:18,244 - active_players - INFO - Inserted and updated for player: {'full_name': 'Dennis Smith Jr.', 'id': 1628372}
2024-03-08 10:48:18,287 - active_players - INFO - Inserted and updated for player: {'full_name': 'Jabari Smith Jr.', 'id': 1631095}
2024-03-08 10:48:18,327 - active_players - INFO - Inserted and updated for player: {'full_name': 'Nick Smith Jr.', 'id': 1641733}
2024-03-08 10:48:18,367 - active_players - INFO - Inserted and updated for player: {'full_name': 'Jeremy Sochan', 'id': 1631110}
2024-03-08 10:48:18,449 - active_players - INFO - Inserted and updated for player: {'full_name': 'Jaden Springer', 'id': 1630531}
2024-03-08 10:48:18,492 - active_players - INFO - Inserted and updated for player: {'full_name': 'Lamar Stevens', 'id': 1630205}
2024-03-08 10:48:18,536 - active_players - INFO - Inserted and updated for player: {'full_name': 'Isaiah Stewart', 'id': 1630191}
2024-03-08 10:48:18,576 - active_players - INFO - Inserted and updated for player: {'full_name': 'Julian Strawther', 'id': 1631124}
2024-03-08 10:48:18,616 - active_players - INFO - Inserted and updated for player: {'full_name': 'Max Strus', 'id': 1629622}
2024-03-08 10:48:18,659 - active_players - INFO - Inserted and updated for player: {'full_name': 'Jalen Suggs', 'id': 1630591}
2024-03-08 10:48:18,701 - active_players - INFO - Inserted and updated for player: {'full_name': 'Cole Swider', 'id': 1631306}
2024-03-08 10:48:18,752 - active_players - INFO - Inserted and updated for player: {'full_name': "Jae'Sean Tate", 'id': 1630256}
2024-03-08 10:48:18,791 - active_players - INFO - Inserted and updated for player: {'full_name': 'Jayson Tatum', 'id': 1628369}
2024-03-08 10:48:18,837 - active_players - INFO - Inserted and updated for player: {'full_name': 'Terry Taylor', 'id': 1630678}
2024-03-08 10:48:18,876 - active_players - INFO - Inserted and updated for player: {'full_name': 'Garrett Temple', 'id': 202066}
2024-03-08 10:48:18,924 - active_players - INFO - Inserted and updated for player: {'full_name': 'Dalen Terry', 'id': 1631207}
2024-03-08 10:48:18,983 - active_players - INFO - Inserted and updated for player: {'full_name': 'Daniel Theis', 'id': 1628464}
2024-03-08 10:48:19,025 - active_players - INFO - Inserted and updated for player: {'full_name': 'Cam Thomas', 'id': 1630560}
2024-03-08 10:48:19,071 - active_players - INFO - Inserted and updated for player: {'full_name': 'Amen Thompson', 'id': 1641708}
2024-03-08 10:48:19,113 - active_players - INFO - Inserted and updated for player: {'full_name': 'Ausar Thompson', 'id': 1641709}
2024-03-08 10:48:19,155 - active_players - INFO - Inserted and updated for player: {'full_name': 'Klay Thompson', 'id': 202691}
2024-03-08 10:48:19,199 - active_players - INFO - Inserted and updated for player: {'full_name': 'Tristan Thompson', 'id': 202684}
2024-03-08 10:48:19,253 - active_players - INFO - Inserted and updated for player: {'full_name': 'JT Thor', 'id': 1630550}
2024-03-08 10:48:19,303 - active_players - INFO - Inserted and updated for player: {'full_name': 'Matisse Thybulle', 'id': 1629680}
2024-03-08 10:48:19,347 - active_players - INFO - Inserted and updated for player: {'full_name': 'Xavier Tillman', 'id': 1630214}
2024-03-08 10:48:19,393 - active_players - INFO - Inserted and updated for player: {'full_name': 'Jacob Toppin', 'id': 1631210}
2024-03-08 10:48:19,436 - active_players - INFO - Inserted and updated for player: {'full_name': 'Obi Toppin', 'id': 1630167}
2024-03-08 10:48:19,477 - active_players - INFO - Inserted and updated for player: {'full_name': 'Karl-Anthony Towns', 'id': 1626157}
2024-03-08 10:48:19,520 - active_players - INFO - Inserted and updated for player: {'full_name': 'Gary Trent Jr.', 'id': 1629018}
2024-03-08 10:48:19,560 - active_players - INFO - Inserted and updated for player: {'full_name': 'Oscar Tshiebwe', 'id': 1631131}
2024-03-08 10:48:19,607 - active_players - INFO - Inserted and updated for player: {'full_name': 'P.J. Tucker', 'id': 200782}
2024-03-08 10:48:19,660 - active_players - INFO - Inserted and updated for player: {'full_name': 'Myles Turner', 'id': 1626167}
2024-03-08 10:48:19,703 - active_players - INFO - Inserted and updated for player: {'full_name': 'Hunter Tyson', 'id': 1641816}
2024-03-08 10:48:19,743 - active_players - INFO - Inserted and updated for player: {'full_name': 'Stanley Umude', 'id': 1630649}
2024-03-08 10:48:19,788 - active_players - INFO - Inserted and updated for player: {'full_name': 'Jonas Valanciunas', 'id': 202685}
2024-03-08 10:48:19,833 - active_players - INFO - Inserted and updated for player: {'full_name': 'Fred VanVleet', 'id': 1627832}
2024-03-08 10:48:19,876 - active_players - INFO - Inserted and updated for player: {'full_name': 'Jarred Vanderbilt', 'id': 1629020}
2024-03-08 10:48:19,920 - active_players - INFO - Inserted and updated for player: {'full_name': 'Devin Vassell', 'id': 1630170}
2024-03-08 10:48:19,966 - active_players - INFO - Inserted and updated for player: {'full_name': 'Sasha Vezenkov', 'id': 1628426}
2024-03-08 10:48:20,009 - active_players - INFO - Inserted and updated for player: {'full_name': 'Gabe Vincent', 'id': 1629216}
2024-03-08 10:48:20,052 - active_players - INFO - Inserted and updated for player: {'full_name': 'Nikola Vucevic', 'id': 202696}
2024-03-08 10:48:20,100 - active_players - INFO - Inserted and updated for player: {'full_name': 'Dean Wade', 'id': 1629731}
2024-03-08 10:48:20,140 - active_players - INFO - Inserted and updated for player: {'full_name': 'Franz Wagner', 'id': 1630532}
2024-03-08 10:48:20,184 - active_players - INFO - Inserted and updated for player: {'full_name': 'Moritz Wagner', 'id': 1629021}
2024-03-08 10:48:20,223 - active_players - INFO - Inserted and updated for player: {'full_name': 'Ish Wainright', 'id': 1630688}
2024-03-08 10:48:20,264 - active_players - INFO - Inserted and updated for player: {'full_name': 'Jabari Walker', 'id': 1631133}
2024-03-08 10:48:20,303 - active_players - INFO - Inserted and updated for player: {'full_name': 'Jarace Walker', 'id': 1641716}
2024-03-08 10:48:20,347 - active_players - INFO - Inserted and updated for player: {'full_name': 'Lonnie Walker IV', 'id': 1629022}
2024-03-08 10:48:20,394 - active_players - INFO - Inserted and updated for player: {'full_name': 'Cason Wallace', 'id': 1641717}
2024-03-08 10:48:20,475 - active_players - INFO - Inserted and updated for player: {'full_name': 'Jordan Walsh', 'id': 1641775}
2024-03-08 10:48:20,521 - active_players - INFO - Inserted and updated for player: {'full_name': 'P.J. Washington', 'id': 1629023}
2024-03-08 10:48:20,563 - active_players - INFO - Inserted and updated for player: {'full_name': 'Duane Washington Jr.', 'id': 1630613}
2024-03-08 10:48:20,603 - active_players - INFO - Inserted and updated for player: {'full_name': 'TyTy Washington Jr.', 'id': 1631102}
2024-03-08 10:48:20,655 - active_players - INFO - Inserted and updated for player: {'full_name': 'Yuta Watanabe', 'id': 1629139}
2024-03-08 10:48:20,701 - active_players - INFO - Inserted and updated for player: {'full_name': 'Lindy Waters III', 'id': 1630322}
2024-03-08 10:48:20,752 - active_players - INFO - Inserted and updated for player: {'full_name': 'Trendon Watford', 'id': 1630570}
2024-03-08 10:48:20,793 - active_players - INFO - Inserted and updated for player: {'full_name': 'Peyton Watson', 'id': 1631212}
2024-03-08 10:48:20,839 - active_players - INFO - Inserted and updated for player: {'full_name': 'Victor Wembanyama', 'id': 1641705}
2024-03-08 10:48:20,880 - active_players - INFO - Inserted and updated for player: {'full_name': 'Blake Wesley', 'id': 1631104}
2024-03-08 10:48:20,921 - active_players - INFO - Inserted and updated for player: {'full_name': 'Russell Westbrook', 'id': 201566}
2024-03-08 10:48:20,964 - active_players - INFO - Inserted and updated for player: {'full_name': 'Coby White', 'id': 1629632}
2024-03-08 10:48:21,004 - active_players - INFO - Inserted and updated for player: {'full_name': 'Derrick White', 'id': 1628401}
2024-03-08 10:48:21,045 - active_players - INFO - Inserted and updated for player: {'full_name': 'Dariq Whitehead', 'id': 1641727}
2024-03-08 10:48:21,091 - active_players - INFO - Inserted and updated for player: {'full_name': 'Cam Whitmore', 'id': 1641715}
2024-03-08 10:48:21,135 - active_players - INFO - Inserted and updated for player: {'full_name': 'Aaron Wiggins', 'id': 1630598}
2024-03-08 10:48:21,177 - active_players - INFO - Inserted and updated for player: {'full_name': 'Andrew Wiggins', 'id': 203952}
2024-03-08 10:48:21,220 - active_players - INFO - Inserted and updated for player: {'full_name': 'Lindell Wigginton', 'id': 1629623}
2024-03-08 10:48:21,261 - active_players - INFO - Inserted and updated for player: {'full_name': 'Grant Williams', 'id': 1629684}
2024-03-08 10:48:21,303 - active_players - INFO - Inserted and updated for player: {'full_name': 'Jalen Williams', 'id': 1631114}
2024-03-08 10:48:21,348 - active_players - INFO - Inserted and updated for player: {'full_name': 'Jaylin Williams', 'id': 1631119}
2024-03-08 10:48:21,393 - active_players - INFO - Inserted and updated for player: {'full_name': 'Kenrich Williams', 'id': 1629026}
2024-03-08 10:48:21,436 - active_players - INFO - Inserted and updated for player: {'full_name': 'Mark Williams', 'id': 1631109}
2024-03-08 10:48:21,478 - active_players - INFO - Inserted and updated for player: {'full_name': 'Nate Williams', 'id': 1631466}
2024-03-08 10:48:21,523 - active_players - INFO - Inserted and updated for player: {'full_name': 'Patrick Williams', 'id': 1630172}
2024-03-08 10:48:21,569 - active_players - INFO - Inserted and updated for player: {'full_name': 'Ziaire Williams', 'id': 1630533}
2024-03-08 10:48:21,611 - active_players - INFO - Inserted and updated for player: {'full_name': 'Robert Williams III', 'id': 1629057}
2024-03-08 10:48:21,660 - active_players - INFO - Inserted and updated for player: {'full_name': 'Vince Williams Jr.', 'id': 1631246}
2024-03-08 10:48:21,703 - active_players - INFO - Inserted and updated for player: {'full_name': 'Zion Williamson', 'id': 1629627}
2024-03-08 10:48:21,759 - active_players - INFO - Inserted and updated for player: {'full_name': 'Jalen Wilson', 'id': 1630592}
2024-03-08 10:48:21,800 - active_players - INFO - Inserted and updated for player: {'full_name': 'Dylan Windler', 'id': 1629685}
2024-03-08 10:48:21,843 - active_players - INFO - Inserted and updated for player: {'full_name': 'James Wiseman', 'id': 1630164}
2024-03-08 10:48:21,885 - active_players - INFO - Inserted and updated for player: {'full_name': 'Isaiah Wong', 'id': 1631209}
2024-03-08 10:48:21,930 - active_players - INFO - Inserted and updated for player: {'full_name': 'Christian Wood', 'id': 1626174}
2024-03-08 10:48:21,979 - active_players - INFO - Inserted and updated for player: {'full_name': 'Delon Wright', 'id': 1626153}
2024-03-08 10:48:22,021 - active_players - INFO - Inserted and updated for player: {'full_name': 'Thaddeus Young', 'id': 201152}
2024-03-08 10:48:22,067 - active_players - INFO - Inserted and updated for player: {'full_name': 'Trae Young', 'id': 1629027}
2024-03-08 10:48:22,112 - active_players - INFO - Inserted and updated for player: {'full_name': 'Omer Yurtseven', 'id': 1630209}
2024-03-08 10:48:22,151 - active_players - INFO - Inserted and updated for player: {'full_name': 'Cody Zeller', 'id': 203469}
2024-03-08 10:48:22,195 - active_players - INFO - Inserted and updated for player: {'full_name': 'Ivica Zubac', 'id': 1627826}
