2024-03-11 14:17:01,279 - player_game_data - INFO - ACTION COMMITTED: nba_update_player_game_data
2024-03-11 14:17:01,511 - player_game_data - INFO - Fetched game data for player 1630173
2024-03-11 14:17:01,631 - player_game_data - INFO - Inserted game data: Player ID: 1630173, Player Name: Precious Achiuwa, Game ID: 0022300912, Game Date: 1709856000000, Matchup: NYK vs. ORL
2024-03-11 14:17:01,771 - player_game_data - INFO - Fetched game data for player 203500
2024-03-11 14:17:01,947 - player_game_data - INFO - Fetched game data for player 1628389
2024-03-11 14:17:02,014 - player_game_data - INFO - Inserted game data: Player ID: 1628389, Player Name: Bam Adebayo, Game ID: 0022300914, Game Date: 1709856000000, Matchup: MIA @ OKC
2024-03-11 14:17:02,153 - player_game_data - INFO - Fetched game data for player 1630534
2024-03-11 14:17:02,408 - player_game_data - INFO - Fetched game data for player 1630583
2024-03-11 14:17:02,484 - player_game_data - INFO - Inserted game data: Player ID: 1630583, Player Name: Santi Aldama, Game ID: 0022300913, Game Date: 1709856000000, Matchup: MEM vs. ATL
2024-03-11 14:17:02,631 - player_game_data - INFO - Fetched game data for player 1629638
2024-03-11 14:17:02,694 - player_game_data - INFO - Inserted game data: Player ID: 1629638, Player Name: Nickeil Alexander-Walker, Game ID: 0022300911, Game Date: 1709856000000, Matchup: MIN @ CLE
2024-03-11 14:17:02,826 - player_game_data - INFO - Fetched game data for player 1628960
2024-03-11 14:17:02,992 - player_game_data - INFO - Fetched game data for player 1628386
2024-03-11 14:17:03,053 - player_game_data - INFO - Inserted game data: Player ID: 1628386, Player Name: Jarrett Allen, Game ID: 0022300911, Game Date: 1709856000000, Matchup: CLE vs. MIN
2024-03-11 14:17:03,161 - player_game_data - INFO - Fetched game data for player 1630631
2024-03-11 14:17:03,250 - player_game_data - INFO - Inserted game data: Player ID: 1630631, Player Name: Jose Alvarado, Game ID: 0022300909, Game Date: 1709856000000, Matchup: NOP @ PHI
2024-03-11 14:17:04,470 - player_game_data - INFO - Fetched game data for player 203937
2024-03-11 14:17:04,658 - player_game_data - INFO - Fetched game data for player 203507
2024-03-11 14:17:04,720 - player_game_data - INFO - Inserted game data: Player ID: 203507, Player Name: Giannis Antetokounmpo, Game ID: 0022300915, Game Date: 1709856000000, Matchup: MIL @ LAL
2024-03-11 14:17:05,547 - player_game_data - INFO - Fetched game data for player 203648
2024-03-11 14:17:05,853 - player_game_data - INFO - Fetched game data for player 1630175
2024-03-11 14:17:06,001 - player_game_data - INFO - Inserted game data: Player ID: 1630175, Player Name: Cole Anthony, Game ID: 0022300912, Game Date: 1709856000000, Matchup: ORL @ NYK
2024-03-11 14:17:06,180 - player_game_data - INFO - Fetched game data for player 1628384
2024-03-11 14:17:06,413 - player_game_data - INFO - Fetched game data for player 1627853
2024-03-11 14:17:06,575 - player_game_data - INFO - Fetched game data for player 1630166
2024-03-11 14:17:07,456 - player_game_data - INFO - Inserted game data: Player ID: 1630166, Player Name: Deni Avdija, Game ID: 0022300910, Game Date: 1709856000000, Matchup: WAS vs. CHA
2024-03-11 14:17:07,593 - player_game_data - INFO - Fetched game data for player 1629028
2024-03-11 14:17:07,777 - player_game_data - INFO - Fetched game data for player 1628962
2024-03-11 14:17:08,046 - player_game_data - INFO - Fetched game data for player 1628963
2024-03-11 14:17:08,218 - player_game_data - INFO - Fetched game data for player 1641735
2024-03-11 14:17:08,429 - player_game_data - INFO - Fetched game data for player 1631116
2024-03-11 14:17:08,601 - player_game_data - INFO - Fetched game data for player 1630163
2024-03-11 14:17:08,778 - player_game_data - INFO - Fetched game data for player 1628366
2024-03-11 14:17:08,996 - player_game_data - INFO - Fetched game data for player 1628964
2024-03-11 14:17:09,058 - player_game_data - INFO - Inserted game data: Player ID: 1628964, Player Name: Mo Bamba, Game ID: 0022300909, Game Date: 1709856000000, Matchup: PHI vs. NOP
2024-03-11 14:17:09,176 - player_game_data - INFO - Fetched game data for player 1631094
2024-03-11 14:17:09,236 - player_game_data - INFO - Inserted game data: Player ID: 1631094, Player Name: Paolo Banchero, Game ID: 0022300912, Game Date: 1709856000000, Matchup: ORL @ NYK
2024-03-11 14:17:09,375 - player_game_data - INFO - Fetched game data for player 1630217
2024-03-11 14:17:09,545 - player_game_data - INFO - Fetched game data for player 1630625
2024-03-11 14:17:09,620 - player_game_data - INFO - Inserted game data: Player ID: 1630625, Player Name: Dalano Banton, Game ID: 0022300916, Game Date: 1709856000000, Matchup: POR vs. HOU
2024-03-11 14:17:09,829 - player_game_data - INFO - Fetched game data for player 1631230
2024-03-11 14:17:10,020 - player_game_data - INFO - Fetched game data for player 203084
2024-03-11 14:17:10,088 - player_game_data - INFO - Inserted game data: Player ID: 203084, Player Name: Harrison Barnes, Game ID: 0022300901, Game Date: 1709683200000, Matchup: SAC @ LAL
2024-03-11 14:17:10,206 - player_game_data - INFO - Fetched game data for player 1630567
2024-03-11 14:17:10,418 - player_game_data - INFO - Fetched game data for player 1629628
2024-03-11 14:17:10,577 - player_game_data - INFO - Fetched game data for player 1629646
2024-03-11 14:17:10,742 - player_game_data - INFO - Fetched game data for player 1641734
2024-03-11 14:17:10,890 - player_game_data - INFO - Fetched game data for player 1628966
2024-03-11 14:17:11,083 - player_game_data - INFO - Fetched game data for player 201587
2024-03-11 14:17:11,262 - player_game_data - INFO - Fetched game data for player 203078
2024-03-11 14:17:11,445 - player_game_data - INFO - Fetched game data for player 1627736
2024-03-11 14:17:11,516 - player_game_data - INFO - Inserted game data: Player ID: 1627736, Player Name: Malik Beasley, Game ID: 0022300915, Game Date: 1709856000000, Matchup: MIL @ LAL
2024-03-11 14:17:11,654 - player_game_data - INFO - Fetched game data for player 1630699
2024-03-11 14:17:11,847 - player_game_data - INFO - Fetched game data for player 1641777
2024-03-11 14:17:12,015 - player_game_data - INFO - Fetched game data for player 202722
2024-03-11 14:17:12,078 - player_game_data - INFO - Inserted game data: Player ID: 202722, Player Name: Davis Bertans, Game ID: 0022300910, Game Date: 1709856000000, Matchup: CHA @ WAS
2024-03-11 14:17:12,244 - player_game_data - INFO - Fetched game data for player 201976
2024-03-11 14:17:12,351 - player_game_data - INFO - Inserted game data: Player ID: 201976, Player Name: Patrick Beverley, Game ID: 0022300915, Game Date: 1709856000000, Matchup: MIL @ LAL
2024-03-11 14:17:12,533 - player_game_data - INFO - Fetched game data for player 1630180
2024-03-11 14:17:12,597 - player_game_data - INFO - Inserted game data: Player ID: 1630180, Player Name: Saddiq Bey, Game ID: 0022300913, Game Date: 1709856000000, Matchup: ATL @ MEM
2024-03-11 14:17:12,734 - player_game_data - INFO - Fetched game data for player 1629048
2024-03-11 14:17:12,914 - player_game_data - INFO - Fetched game data for player 1641931
2024-03-11 14:17:12,973 - player_game_data - INFO - Inserted game data: Player ID: 1641931, Player Name: Onuralp Bitim, Game ID: 0022300898, Game Date: 1709683200000, Matchup: CHI @ UTA
2024-03-11 14:17:13,097 - player_game_data - INFO - Fetched game data for player 202687
2024-03-11 14:17:13,345 - player_game_data - INFO - Fetched game data for player 1641710
2024-03-11 14:17:13,414 - player_game_data - INFO - Inserted game data: Player ID: 1641710, Player Name: Anthony Black, Game ID: 0022300912, Game Date: 1709856000000, Matchup: ORL @ NYK
2024-03-11 14:17:13,547 - player_game_data - INFO - Fetched game data for player 1641778
2024-03-11 14:17:13,726 - player_game_data - INFO - Fetched game data for player 203992
2024-03-11 14:17:13,799 - player_game_data - INFO - Inserted game data: Player ID: 203992, Player Name: Bogdan Bogdanovic, Game ID: 0022300913, Game Date: 1709856000000, Matchup: ATL @ MEM
2024-03-11 14:17:13,929 - player_game_data - INFO - Fetched game data for player 202711
2024-03-11 14:17:14,004 - player_game_data - INFO - Inserted game data: Player ID: 202711, Player Name: Bojan Bogdanovic, Game ID: 0022300912, Game Date: 1709856000000, Matchup: NYK vs. ORL
2024-03-11 14:17:14,134 - player_game_data - INFO - Fetched game data for player 1629626
2024-03-11 14:17:14,418 - player_game_data - INFO - Fetched game data for player 1629716
2024-03-11 14:17:14,698 - player_game_data - INFO - Fetched game data for player 1626164
2024-03-11 14:17:14,950 - player_game_data - INFO - Fetched game data for player 1630527
2024-03-11 14:17:15,194 - player_game_data - INFO - Fetched game data for player 1628449
2024-03-11 14:17:15,480 - player_game_data - INFO - Fetched game data for player 1630547
2024-03-11 14:17:15,712 - player_game_data - INFO - Fetched game data for player 1631103
2024-03-11 14:17:15,899 - player_game_data - INFO - Fetched game data for player 1631128
2024-03-11 14:17:16,063 - player_game_data - INFO - Fetched game data for player 1628969
2024-03-11 14:17:16,131 - player_game_data - INFO - Inserted game data: Player ID: 1628969, Player Name: Mikal Bridges, Game ID: 0022300918, Game Date: 1709942400000, Matchup: BKN @ CHA
2024-03-11 14:17:16,336 - player_game_data - INFO - Fetched game data for player 1628970
2024-03-11 14:17:16,397 - player_game_data - INFO - Inserted game data: Player ID: 1628970, Player Name: Miles Bridges, Game ID: 0022300910, Game Date: 1709856000000, Matchup: CHA @ WAS
2024-03-11 14:17:16,572 - player_game_data - INFO - Fetched game data for player 1629052
2024-03-11 14:17:16,764 - player_game_data - INFO - Fetched game data for player 1627763
2024-03-11 14:17:17,456 - player_game_data - INFO - Fetched game data for player 1629717
2024-03-11 14:17:17,765 - player_game_data - INFO - Fetched game data for player 1628415
2024-03-11 14:17:17,854 - player_game_data - INFO - Inserted game data: Player ID: 1628415, Player Name: Dillon Brooks, Game ID: 0022300916, Game Date: 1709856000000, Matchup: HOU @ POR
2024-03-11 14:17:17,987 - player_game_data - INFO - Fetched game data for player 1628971
2024-03-11 14:17:18,212 - player_game_data - INFO - Fetched game data for player 1627759
2024-03-11 14:17:18,475 - player_game_data - INFO - Fetched game data for player 1631112
2024-03-11 14:17:19,232 - player_game_data - INFO - Fetched game data for player 1641738
2024-03-11 14:17:19,481 - player_game_data - INFO - Fetched game data for player 1629650
2024-03-11 14:17:19,637 - player_game_data - INFO - Fetched game data for player 1630535
2024-03-11 14:17:19,815 - player_game_data - INFO - Fetched game data for player 1629718
2024-03-11 14:17:19,977 - player_game_data - INFO - Fetched game data for player 1628972
2024-03-11 14:17:20,134 - player_game_data - INFO - Fetched game data for player 1628973
2024-03-11 14:17:20,221 - player_game_data - INFO - Inserted game data: Player ID: 1628973, Player Name: Jalen Brunson, Game ID: 0022300912, Game Date: 1709856000000, Matchup: NYK vs. ORL
2024-03-11 14:17:20,400 - player_game_data - INFO - Fetched game data for player 1628418
2024-03-11 14:17:20,585 - player_game_data - INFO - Fetched game data for player 1641723
2024-03-11 14:17:20,816 - player_game_data - INFO - Fetched game data for player 203493
2024-03-11 14:17:20,964 - player_game_data - INFO - Fetched game data for player 202692
2024-03-11 14:17:21,046 - player_game_data - INFO - Inserted game data: Player ID: 202692, Player Name: Alec Burks, Game ID: 0022300912, Game Date: 1709856000000, Matchup: NYK vs. ORL
2024-03-11 14:17:21,194 - player_game_data - INFO - Fetched game data for player 1630215
2024-03-11 14:17:21,364 - player_game_data - INFO - Fetched game data for player 202710
2024-03-11 14:17:21,429 - player_game_data - INFO - Inserted game data: Player ID: 202710, Player Name: Jimmy Butler, Game ID: 0022300914, Game Date: 1709856000000, Matchup: MIA @ OKC
2024-03-11 14:17:21,563 - player_game_data - INFO - Fetched game data for player 1631219
2024-03-11 14:17:21,746 - player_game_data - INFO - Fetched game data for player 1631288
2024-03-11 14:17:21,916 - player_game_data - INFO - Fetched game data for player 203484
2024-03-11 14:17:22,107 - player_game_data - INFO - Fetched game data for player 1641739
2024-03-11 14:17:22,191 - player_game_data - INFO - Inserted game data: Player ID: 1641739, Player Name: Toumani Camara, Game ID: 0022300916, Game Date: 1709856000000, Matchup: POR vs. HOU
2024-03-11 14:17:22,395 - player_game_data - INFO - Fetched game data for player 1628427
2024-03-11 14:17:22,580 - player_game_data - INFO - Fetched game data for player 203991
2024-03-11 14:17:22,666 - player_game_data - INFO - Inserted game data: Player ID: 203991, Player Name: Clint Capela, Game ID: 0022300913, Game Date: 1709856000000, Matchup: ATL @ MEM
2024-03-11 14:17:22,833 - player_game_data - INFO - Fetched game data for player 1628975
2024-03-11 14:17:22,893 - player_game_data - INFO - Inserted game data: Player ID: 1628975, Player Name: Jevon Carter, Game ID: 0022300898, Game Date: 1709683200000, Matchup: CHI @ UTA
2024-03-11 14:17:23,048 - player_game_data - INFO - Fetched game data for player 1628976
2024-03-11 14:17:23,115 - player_game_data - INFO - Inserted game data: Player ID: 1628976, Player Name: Wendell Carter Jr., Game ID: 0022300912, Game Date: 1709856000000, Matchup: ORL @ NYK
2024-03-11 14:17:23,266 - player_game_data - INFO - Fetched game data for player 1627936
2024-03-11 14:17:23,331 - player_game_data - INFO - Inserted game data: Player ID: 1627936, Player Name: Alex Caruso, Game ID: 0022300898, Game Date: 1709683200000, Matchup: CHI @ UTA
2024-03-11 14:17:23,476 - player_game_data - INFO - Fetched game data for player 1630658
2024-03-11 14:17:23,696 - player_game_data - INFO - Fetched game data for player 1630608
2024-03-11 14:17:23,874 - player_game_data - INFO - Fetched game data for player 1630577
2024-03-11 14:17:24,049 - player_game_data - INFO - Fetched game data for player 1631108
2024-03-11 14:17:24,121 - player_game_data - INFO - Inserted game data: Player ID: 1631108, Player Name: Max Christie, Game ID: 0022300915, Game Date: 1709856000000, Matchup: LAL vs. MIL
2024-03-11 14:17:24,328 - player_game_data - INFO - Fetched game data for player 1630528
2024-03-11 14:17:24,546 - player_game_data - INFO - Fetched game data for player 1631321
2024-03-11 14:17:24,716 - player_game_data - INFO - Fetched game data for player 1641740
2024-03-11 14:17:24,894 - player_game_data - INFO - Fetched game data for player 1629634
2024-03-11 14:17:25,078 - player_game_data - INFO - Fetched game data for player 203903
2024-03-11 14:17:25,266 - player_game_data - INFO - Fetched game data for player 1629651
2024-03-11 14:17:25,329 - player_game_data - INFO - Inserted game data: Player ID: 1629651, Player Name: Nic Claxton, Game ID: 0022300918, Game Date: 1709942400000, Matchup: BKN @ CHA
2024-03-11 14:17:25,461 - player_game_data - INFO - Fetched game data for player 1641730
2024-03-11 14:17:25,678 - player_game_data - INFO - Fetched game data for player 1629599
2024-03-11 14:17:25,755 - player_game_data - INFO - Inserted game data: Player ID: 1629599, Player Name: Amir Coffey, Game ID: 0022300917, Game Date: 1709942400000, Matchup: LAC vs. CHI
2024-03-11 14:17:25,896 - player_game_data - INFO - Fetched game data for player 1628381
2024-03-11 14:17:26,080 - player_game_data - INFO - Fetched game data for player 1628380
2024-03-11 14:17:26,337 - player_game_data - INFO - Fetched game data for player 201144
2024-03-11 14:17:26,409 - player_game_data - INFO - Inserted game data: Player ID: 201144, Player Name: Mike Conley, Game ID: 0022300911, Game Date: 1709856000000, Matchup: MIN @ CLE
2024-03-11 14:17:26,571 - player_game_data - INFO - Fetched game data for player 1626192
2024-03-11 14:17:26,645 - player_game_data - INFO - Inserted game data: Player ID: 1626192, Player Name: Pat Connaughton, Game ID: 0022300915, Game Date: 1709856000000, Matchup: MIL @ LAL
2024-03-11 14:17:26,795 - player_game_data - INFO - Fetched game data for player 1641731
2024-03-11 14:17:26,869 - player_game_data - INFO - Inserted game data: Player ID: 1641731, Player Name: Bilal Coulibaly, Game ID: 0022300910, Game Date: 1709856000000, Matchup: WAS vs. CHA
2024-03-11 14:17:27,012 - player_game_data - INFO - Fetched game data for player 1641741
2024-03-11 14:17:27,183 - player_game_data - INFO - Fetched game data for player 203496
2024-03-11 14:17:27,358 - player_game_data - INFO - Fetched game data for player 1628470
2024-03-11 14:17:27,516 - player_game_data - INFO - Fetched game data for player 203109
2024-03-11 14:17:27,589 - player_game_data - INFO - Inserted game data: Player ID: 203109, Player Name: Jae Crowder, Game ID: 0022300915, Game Date: 1709856000000, Matchup: MIL @ LAL
2024-03-11 14:17:27,933 - player_game_data - INFO - Fetched game data for player 1630595
2024-03-11 14:17:28,121 - player_game_data - INFO - Fetched game data for player 203552
2024-03-11 14:17:28,297 - player_game_data - INFO - Fetched game data for player 201939
2024-03-11 14:17:28,401 - player_game_data - INFO - Inserted game data: Player ID: 201939, Player Name: Stephen Curry, Game ID: 0022300899, Game Date: 1709683200000, Matchup: GSW vs. MIL
2024-03-11 14:17:28,545 - player_game_data - INFO - Fetched game data for player 1630700
2024-03-11 14:17:28,944 - player_game_data - INFO - Fetched game data for player 203076
2024-03-11 14:17:29,301 - player_game_data - INFO - Inserted game data: Player ID: 203076, Player Name: Anthony Davis, Game ID: 0022300915, Game Date: 1709856000000, Matchup: LAL vs. MIL
2024-03-11 14:17:29,520 - player_game_data - INFO - Fetched game data for player 1631098
2024-03-11 14:17:29,593 - player_game_data - INFO - Inserted game data: Player ID: 1631098, Player Name: Johnny Davis, Game ID: 0022300910, Game Date: 1709856000000, Matchup: WAS vs. CHA
2024-03-11 14:17:29,767 - player_game_data - INFO - Fetched game data for player 1631120
2024-03-11 14:17:29,970 - player_game_data - INFO - Fetched game data for player 201942
2024-03-11 14:17:30,031 - player_game_data - INFO - Inserted game data: Player ID: 201942, Player Name: DeMar DeRozan, Game ID: 0022300898, Game Date: 1709683200000, Matchup: CHI @ UTA
2024-03-11 14:17:30,217 - player_game_data - INFO - Fetched game data for player 1641926
2024-03-11 14:17:30,516 - player_game_data - INFO - Fetched game data for player 1628978
2024-03-11 14:17:30,590 - player_game_data - INFO - Inserted game data: Player ID: 1628978, Player Name: Donte DiVincenzo, Game ID: 0022300912, Game Date: 1709856000000, Matchup: NYK vs. ORL
2024-03-11 14:17:30,752 - player_game_data - INFO - Fetched game data for player 1631217
2024-03-11 14:17:30,902 - player_game_data - INFO - Fetched game data for player 1641711
2024-03-11 14:17:31,063 - player_game_data - INFO - Fetched game data for player 1631172
2024-03-11 14:17:31,282 - player_game_data - INFO - Fetched game data for player 203915
2024-03-11 14:17:31,347 - player_game_data - INFO - Inserted game data: Player ID: 203915, Player Name: Spencer Dinwiddie, Game ID: 0022300915, Game Date: 1709856000000, Matchup: LAL vs. MIL
2024-03-11 14:17:31,505 - player_game_data - INFO - Fetched game data for player 1629029
2024-03-11 14:17:31,701 - player_game_data - INFO - Fetched game data for player 1629652
2024-03-11 14:17:31,773 - player_game_data - INFO - Inserted game data: Player ID: 1629652, Player Name: Luguentz Dort, Game ID: 0022300914, Game Date: 1709856000000, Matchup: OKC vs. MIA
2024-03-11 14:17:31,904 - player_game_data - INFO - Fetched game data for player 1630245
2024-03-11 14:17:32,010 - player_game_data - INFO - Inserted game data: Player ID: 1630245, Player Name: Ayo Dosunmu, Game ID: 0022300898, Game Date: 1709683200000, Matchup: CHI @ UTA
2024-03-11 14:17:32,146 - player_game_data - INFO - Fetched game data for player 203083
2024-03-11 14:17:32,221 - player_game_data - INFO - Inserted game data: Player ID: 203083, Player Name: Andre Drummond, Game ID: 0022300898, Game Date: 1709683200000, Matchup: CHI @ UTA
2024-03-11 14:17:32,452 - player_game_data - INFO - Fetched game data for player 1630537
2024-03-11 14:17:32,668 - player_game_data - INFO - Fetched game data for player 1627739
2024-03-11 14:17:32,862 - player_game_data - INFO - Fetched game data for player 201142
2024-03-11 14:17:33,103 - player_game_data - INFO - Fetched game data for player 1631105
2024-03-11 14:17:33,297 - player_game_data - INFO - Fetched game data for player 1631106
2024-03-11 14:17:33,485 - player_game_data - INFO - Fetched game data for player 1630162
2024-03-11 14:17:33,555 - player_game_data - INFO - Inserted game data: Player ID: 1630162, Player Name: Anthony Edwards, Game ID: 0022300911, Game Date: 1709856000000, Matchup: MIN @ CLE
2024-03-11 14:17:33,693 - player_game_data - INFO - Fetched game data for player 1630556
2024-03-11 14:17:33,852 - player_game_data - INFO - Fetched game data for player 1631165
2024-03-11 14:17:33,925 - player_game_data - INFO - Inserted game data: Player ID: 1631165, Player Name: Keon Ellis, Game ID: 0022300901, Game Date: 1709683200000, Matchup: SAC @ LAL
2024-03-11 14:17:34,055 - player_game_data - INFO - Fetched game data for player 203954
2024-03-11 14:17:34,347 - player_game_data - INFO - Fetched game data for player 1629234
2024-03-11 14:17:34,523 - player_game_data - INFO - Fetched game data for player 203957
2024-03-11 14:17:34,746 - player_game_data - INFO - Fetched game data for player 1628981
2024-03-11 14:17:34,810 - player_game_data - INFO - Inserted game data: Player ID: 1628981, Player Name: Bruno Fernando, Game ID: 0022300913, Game Date: 1709856000000, Matchup: ATL @ MEM
2024-03-11 14:17:34,935 - player_game_data - INFO - Fetched game data for player 1627827
2024-03-11 14:17:35,006 - player_game_data - INFO - Inserted game data: Player ID: 1627827, Player Name: Dorian Finney-Smith, Game ID: 0022300918, Game Date: 1709942400000, Matchup: BKN @ CHA
2024-03-11 14:17:35,172 - player_game_data - INFO - Fetched game data for player 1630201
2024-03-11 14:17:35,325 - player_game_data - INFO - Fetched game data for player 1631323
2024-03-11 14:17:35,492 - player_game_data - INFO - Fetched game data for player 1630259
2024-03-11 14:17:35,801 - player_game_data - INFO - Fetched game data for player 1630235
2024-03-11 14:17:35,873 - player_game_data - INFO - Inserted game data: Player ID: 1630235, Player Name: Trent Forrest, Game ID: 0022300913, Game Date: 1709856000000, Matchup: ATL @ MEM
2024-03-11 14:17:36,025 - player_game_data - INFO - Fetched game data for player 203095
2024-03-11 14:17:36,193 - player_game_data - INFO - Fetched game data for player 1628368
2024-03-11 14:17:36,354 - player_game_data - INFO - Inserted game data: Player ID: 1628368, Player Name: De'Aaron Fox, Game ID: 0022300901, Game Date: 1709683200000, Matchup: SAC @ LAL
2024-03-11 14:17:36,494 - player_game_data - INFO - Fetched game data for player 1631241
2024-03-11 14:17:36,676 - player_game_data - INFO - Fetched game data for player 1641788
2024-03-11 14:17:36,877 - player_game_data - INFO - Fetched game data for player 1628365
2024-03-11 14:17:37,065 - player_game_data - INFO - Fetched game data for player 1629655
2024-03-11 14:17:37,277 - player_game_data - INFO - Fetched game data for player 201568
2024-03-11 14:17:37,343 - player_game_data - INFO - Inserted game data: Player ID: 201568, Player Name: Danilo Gallinari, Game ID: 0022300915, Game Date: 1709856000000, Matchup: MIL @ LAL
2024-03-11 14:17:37,517 - player_game_data - INFO - Fetched game data for player 1629636
2024-03-11 14:17:37,587 - player_game_data - INFO - Inserted game data: Player ID: 1629636, Player Name: Darius Garland, Game ID: 0022300911, Game Date: 1709856000000, Matchup: CLE vs. MIN
2024-03-11 14:17:37,726 - player_game_data - INFO - Fetched game data for player 1630586
2024-03-11 14:17:37,911 - player_game_data - INFO - Fetched game data for player 1630568
2024-03-11 14:17:38,080 - player_game_data - INFO - Fetched game data for player 1629232
2024-03-11 14:17:38,265 - player_game_data - INFO - Fetched game data for player 1641718
2024-03-11 14:17:38,477 - player_game_data - INFO - Fetched game data for player 202331
2024-03-11 14:17:38,654 - player_game_data - INFO - Fetched game data for player 1630581
2024-03-11 14:17:38,719 - player_game_data - INFO - Inserted game data: Player ID: 1630581, Player Name: Josh Giddey, Game ID: 0022300914, Game Date: 1709856000000, Matchup: OKC vs. MIA
2024-03-11 14:17:38,845 - player_game_data - INFO - Fetched game data for player 1628385
2024-03-11 14:17:39,036 - player_game_data - INFO - Fetched game data for player 1628983
2024-03-11 14:17:39,102 - player_game_data - INFO - Inserted game data: Player ID: 1628983, Player Name: Shai Gilgeous-Alexander, Game ID: 0022300914, Game Date: 1709856000000, Matchup: OKC vs. MIA
2024-03-11 14:17:39,270 - player_game_data - INFO - Fetched game data for player 1630264
2024-03-11 14:17:39,337 - player_game_data - INFO - Inserted game data: Player ID: 1630264, Player Name: Anthony Gill, Game ID: 0022300910, Game Date: 1709856000000, Matchup: WAS vs. CHA
2024-03-11 14:17:39,485 - player_game_data - INFO - Fetched game data for player 1631221
2024-03-11 14:17:39,678 - player_game_data - INFO - Fetched game data for player 1631367
2024-03-11 14:17:40,014 - player_game_data - INFO - Fetched game data for player 203497
2024-03-11 14:17:40,196 - player_game_data - INFO - Fetched game data for player 1630692
2024-03-11 14:17:40,479 - player_game_data - INFO - Fetched game data for player 203932
2024-03-11 14:17:40,742 - player_game_data - INFO - Fetched game data for player 201569
2024-03-11 14:17:41,012 - player_game_data - INFO - Fetched game data for player 1628984
2024-03-11 14:17:41,253 - player_game_data - INFO - Fetched game data for player 203924
2024-03-11 14:17:41,520 - player_game_data - INFO - Fetched game data for player 1631260
2024-03-11 14:17:41,827 - player_game_data - INFO - Fetched game data for player 201980
2024-03-11 14:17:42,056 - player_game_data - INFO - Fetched game data for player 203110
2024-03-11 14:17:42,123 - player_game_data - INFO - Inserted game data: Player ID: 203110, Player Name: Draymond Green, Game ID: 0022300899, Game Date: 1709683200000, Matchup: GSW vs. MIL
2024-03-11 14:17:42,366 - player_game_data - INFO - Fetched game data for player 1630224
2024-03-11 14:17:42,453 - player_game_data - INFO - Inserted game data: Player ID: 1630224, Player Name: Jalen Green, Game ID: 0022300916, Game Date: 1709856000000, Matchup: HOU @ POR
2024-03-11 14:17:42,682 - player_game_data - INFO - Fetched game data for player 201145
2024-03-11 14:17:42,944 - player_game_data - INFO - Fetched game data for player 1630182
2024-03-11 14:17:44,180 - player_game_data - INFO - Fetched game data for player 1631100
2024-03-11 14:17:44,463 - player_game_data - INFO - Fetched game data for player 1629656
2024-03-11 14:17:44,668 - player_game_data - INFO - Fetched game data for player 1631243
2024-03-11 14:17:44,934 - player_game_data - INFO - Fetched game data for player 1629060
2024-03-11 14:17:45,002 - player_game_data - INFO - Inserted game data: Player ID: 1629060, Player Name: Rui Hachimura, Game ID: 0022300915, Game Date: 1709856000000, Matchup: LAL vs. MIL
2024-03-11 14:17:45,115 - player_game_data - INFO - Fetched game data for player 1630169
2024-03-11 14:17:45,274 - player_game_data - INFO - Fetched game data for player 1630181
2024-03-11 14:17:45,493 - player_game_data - INFO - Fetched game data for player 203501
2024-03-11 14:17:45,714 - player_game_data - INFO - Fetched game data for player 201935
2024-03-11 14:17:45,788 - player_game_data - INFO - Inserted game data: Player ID: 201935, Player Name: James Harden, Game ID: 0022300917, Game Date: 1709942400000, Matchup: LAC vs. CHI
2024-03-11 14:17:45,982 - player_game_data - INFO - Fetched game data for player 1630702
2024-03-11 14:17:46,148 - player_game_data - INFO - Fetched game data for player 1631199
2024-03-11 14:17:46,517 - player_game_data - INFO - Fetched game data for player 203914
2024-03-11 14:17:46,581 - player_game_data - INFO - Inserted game data: Player ID: 203914, Player Name: Gary Harris, Game ID: 0022300912, Game Date: 1709856000000, Matchup: ORL @ NYK
2024-03-11 14:17:46,730 - player_game_data - INFO - Fetched game data for player 203925
2024-03-11 14:17:46,896 - player_game_data - INFO - Fetched game data for player 1630284
2024-03-11 14:17:47,088 - player_game_data - INFO - Fetched game data for player 202699
2024-03-11 14:17:47,155 - player_game_data - INFO - Inserted game data: Player ID: 202699, Player Name: Tobias Harris, Game ID: 0022300909, Game Date: 1709856000000, Matchup: PHI vs. NOP
2024-03-11 14:17:47,321 - player_game_data - INFO - Fetched game data for player 1628404
2024-03-11 14:17:47,402 - player_game_data - INFO - Inserted game data: Player ID: 1628404, Player Name: Josh Hart, Game ID: 0022300912, Game Date: 1709856000000, Matchup: NYK vs. ORL
2024-03-11 14:17:47,581 - player_game_data - INFO - Fetched game data for player 1628392
2024-03-11 14:17:47,655 - player_game_data - INFO - Inserted game data: Player ID: 1628392, Player Name: Isaiah Hartenstein, Game ID: 0022300912, Game Date: 1709856000000, Matchup: NYK vs. ORL
2024-03-11 14:17:47,816 - player_game_data - INFO - Fetched game data for player 1630573
2024-03-11 14:17:48,063 - player_game_data - INFO - Fetched game data for player 1641722
2024-03-11 14:17:48,247 - player_game_data - INFO - Fetched game data for player 1629637
2024-03-11 14:17:48,377 - player_game_data - INFO - Inserted game data: Player ID: 1629637, Player Name: Jaxson Hayes, Game ID: 0022300915, Game Date: 1709856000000, Matchup: LAL vs. MIL
2024-03-11 14:17:48,519 - player_game_data - INFO - Fetched game data for player 1630165
2024-03-11 14:17:49,696 - player_game_data - INFO - Fetched game data for player 202330
2024-03-11 14:17:49,762 - player_game_data - INFO - Inserted game data: Player ID: 202330, Player Name: Gordon Hayward, Game ID: 0022300914, Game Date: 1709856000000, Matchup: OKC vs. MIA
2024-03-11 14:17:49,898 - player_game_data - INFO - Fetched game data for player 1630703
2024-03-11 14:17:50,086 - player_game_data - INFO - Fetched game data for player 1641707
2024-03-11 14:17:50,268 - player_game_data - INFO - Fetched game data for player 1629639
2024-03-11 14:17:50,474 - player_game_data - INFO - Fetched game data for player 1627741
2024-03-11 14:17:50,555 - player_game_data - INFO - Inserted game data: Player ID: 1627741, Player Name: Buddy Hield, Game ID: 0022300909, Game Date: 1709856000000, Matchup: PHI vs. NOP
2024-03-11 14:17:50,732 - player_game_data - INFO - Fetched game data for player 1629312
2024-03-11 14:17:50,803 - player_game_data - INFO - Inserted game data: Player ID: 1629312, Player Name: Haywood Highsmith, Game ID: 0022300914, Game Date: 1709856000000, Matchup: MIA @ OKC
2024-03-11 14:17:50,938 - player_game_data - INFO - Fetched game data for player 1630207
2024-03-11 14:17:51,155 - player_game_data - INFO - Fetched game data for player 1641793
2024-03-11 14:17:51,386 - player_game_data - INFO - Fetched game data for player 1628988
2024-03-11 14:17:51,455 - player_game_data - INFO - Inserted game data: Player ID: 1628988, Player Name: Aaron Holiday, Game ID: 0022300916, Game Date: 1709856000000, Matchup: HOU @ POR
2024-03-11 14:17:51,596 - player_game_data - INFO - Fetched game data for player 201950
2024-03-11 14:17:51,803 - player_game_data - INFO - Fetched game data for player 203200
2024-03-11 14:17:51,976 - player_game_data - INFO - Fetched game data for player 1626158
2024-03-11 14:17:52,150 - player_game_data - INFO - Fetched game data for player 1631096
2024-03-11 14:17:52,218 - player_game_data - INFO - Inserted game data: Player ID: 1631096, Player Name: Chet Holmgren, Game ID: 0022300914, Game Date: 1709856000000, Matchup: OKC vs. MIA
2024-03-11 14:17:52,435 - player_game_data - INFO - Fetched game data for player 1641720
2024-03-11 14:17:52,683 - player_game_data - INFO - Fetched game data for player 201143
2024-03-11 14:17:52,894 - player_game_data - INFO - Fetched game data for player 1629659
2024-03-11 14:17:53,058 - player_game_data - INFO - Fetched game data for player 1627863
2024-03-11 14:17:53,245 - player_game_data - INFO - Fetched game data for player 1631216
2024-03-11 14:17:53,313 - player_game_data - INFO - Inserted game data: Player ID: 1631216, Player Name: Caleb Houstan, Game ID: 0022300912, Game Date: 1709856000000, Matchup: ORL @ NYK
2024-03-11 14:17:53,483 - player_game_data - INFO - Fetched game data for player 1641724
2024-03-11 14:17:53,687 - player_game_data - INFO - Fetched game data for player 1628989
2024-03-11 14:17:53,758 - player_game_data - INFO - Inserted game data: Player ID: 1628989, Player Name: Kevin Huerter, Game ID: 0022300901, Game Date: 1709683200000, Matchup: SAC @ LAL
2024-03-11 14:17:53,897 - player_game_data - INFO - Fetched game data for player 1630643
2024-03-11 14:17:54,089 - player_game_data - INFO - Fetched game data for player 1629631
2024-03-11 14:17:54,154 - player_game_data - INFO - Inserted game data: Player ID: 1629631, Player Name: De'Andre Hunter, Game ID: 0022300913, Game Date: 1709856000000, Matchup: ATL @ MEM
2024-03-11 14:17:54,429 - player_game_data - INFO - Fetched game data for player 1630538
2024-03-11 14:17:54,497 - player_game_data - INFO - Inserted game data: Player ID: 1630538, Player Name: Bones Hyland, Game ID: 0022300917, Game Date: 1709942400000, Matchup: LAC vs. CHI
2024-03-11 14:17:54,636 - player_game_data - INFO - Fetched game data for player 204060
2024-03-11 14:17:54,723 - player_game_data - INFO - Inserted game data: Player ID: 204060, Player Name: Joe Ingles, Game ID: 0022300912, Game Date: 1709856000000, Matchup: ORL @ NYK
2024-03-11 14:17:54,863 - player_game_data - INFO - Fetched game data for player 1627742
2024-03-11 14:17:54,930 - player_game_data - INFO - Inserted game data: Player ID: 1627742, Player Name: Brandon Ingram, Game ID: 0022300909, Game Date: 1709856000000, Matchup: NOP @ PHI
2024-03-11 14:17:55,164 - player_game_data - INFO - Fetched game data for player 202681
2024-03-11 14:17:55,333 - player_game_data - INFO - Fetched game data for player 1628371
2024-03-11 14:17:55,394 - player_game_data - INFO - Inserted game data: Player ID: 1628371, Player Name: Jonathan Isaac, Game ID: 0022300912, Game Date: 1709856000000, Matchup: ORL @ NYK
2024-03-11 14:17:55,555 - player_game_data - INFO - Fetched game data for player 1631093
2024-03-11 14:17:55,794 - player_game_data - INFO - Fetched game data for player 1641713
2024-03-11 14:17:55,944 - player_game_data - INFO - Fetched game data for player 1630543
2024-03-11 14:17:56,130 - player_game_data - INFO - Fetched game data for player 202704
2024-03-11 14:17:56,378 - player_game_data - INFO - Fetched game data for player 1641748
2024-03-11 14:17:56,734 - player_game_data - INFO - Fetched game data for player 1628991
2024-03-11 14:17:56,814 - player_game_data - INFO - Inserted game data: Player ID: 1628991, Player Name: Jaren Jackson Jr., Game ID: 0022300913, Game Date: 1709856000000, Matchup: MEM vs. ATL
2024-03-11 14:17:56,955 - player_game_data - INFO - Fetched game data for player 1631218
2024-03-11 14:17:57,022 - player_game_data - INFO - Inserted game data: Player ID: 1631218, Player Name: Trayce Jackson-Davis, Game ID: 0022300899, Game Date: 1709683200000, Matchup: GSW vs. MIL
2024-03-11 14:17:57,169 - player_game_data - INFO - Fetched game data for player 2544
2024-03-11 14:17:57,394 - player_game_data - INFO - Fetched game data for player 1631170
2024-03-11 14:17:57,478 - player_game_data - INFO - Inserted game data: Player ID: 1631170, Player Name: Jaime Jaquez Jr., Game ID: 0022300914, Game Date: 1709856000000, Matchup: MIA @ OKC
2024-03-11 14:17:57,625 - player_game_data - INFO - Fetched game data for player 1629610
2024-03-11 14:17:57,865 - player_game_data - INFO - Fetched game data for player 1629660
2024-03-11 14:17:58,066 - player_game_data - INFO - Fetched game data for player 1630198
2024-03-11 14:17:58,152 - player_game_data - INFO - Inserted game data: Player ID: 1630198, Player Name: Isaiah Joe, Game ID: 0022300914, Game Date: 1709856000000, Matchup: OKC vs. MIA
2024-03-11 14:17:58,336 - player_game_data - INFO - Fetched game data for player 1629661
2024-03-11 14:17:58,531 - player_game_data - INFO - Fetched game data for player 1630552
2024-03-11 14:17:58,711 - player_game_data - INFO - Fetched game data for player 1629640
2024-03-11 14:17:58,883 - player_game_data - INFO - Fetched game data for player 1630553
2024-03-11 14:17:59,113 - player_game_data - INFO - Fetched game data for player 1641749
2024-03-11 14:17:59,314 - player_game_data - INFO - Fetched game data for player 203999
2024-03-11 14:17:59,511 - player_game_data - INFO - Fetched game data for player 1641732
2024-03-11 14:17:59,693 - player_game_data - INFO - Fetched game data for player 1627745
2024-03-11 14:17:59,755 - player_game_data - INFO - Inserted game data: Player ID: 1627745, Player Name: Damian Jones, Game ID: 0022300911, Game Date: 1709856000000, Matchup: CLE vs. MIN
2024-03-11 14:17:59,917 - player_game_data - INFO - Fetched game data for player 1630529
2024-03-11 14:17:59,994 - player_game_data - INFO - Inserted game data: Player ID: 1630529, Player Name: Herbert Jones, Game ID: 0022300909, Game Date: 1709856000000, Matchup: NOP @ PHI
2024-03-11 14:18:00,178 - player_game_data - INFO - Fetched game data for player 1630200
2024-03-11 14:18:00,846 - player_game_data - INFO - Fetched game data for player 1626145
2024-03-11 14:18:00,937 - player_game_data - INFO - Inserted game data: Player ID: 1626145, Player Name: Tyus Jones, Game ID: 0022300910, Game Date: 1709856000000, Matchup: WAS vs. CHA
2024-03-11 14:18:01,080 - player_game_data - INFO - Fetched game data for player 1627884
2024-03-11 14:18:01,379 - player_game_data - INFO - Fetched game data for player 201599
2024-03-11 14:18:01,565 - player_game_data - INFO - Fetched game data for player 202709
2024-03-11 14:18:01,740 - player_game_data - INFO - Fetched game data for player 1631107
2024-03-11 14:18:01,803 - player_game_data - INFO - Inserted game data: Player ID: 1631107, Player Name: Nikola Jovic, Game ID: 0022300914, Game Date: 1709856000000, Matchup: MIA @ OKC
2024-03-11 14:18:01,979 - player_game_data - INFO - Fetched game data for player 1630548
2024-03-11 14:18:02,280 - player_game_data - INFO - Fetched game data for player 1628379
2024-03-11 14:18:02,597 - player_game_data - INFO - Fetched game data for player 1631117
2024-03-11 14:18:02,781 - player_game_data - INFO - Fetched game data for player 1630296
2024-03-11 14:18:02,948 - player_game_data - INFO - Fetched game data for player 1630557
2024-03-11 14:18:03,013 - player_game_data - INFO - Inserted game data: Player ID: 1630557, Player Name: Corey Kispert, Game ID: 0022300910, Game Date: 1709856000000, Matchup: WAS vs. CHA
2024-03-11 14:18:03,142 - player_game_data - INFO - Fetched game data for player 1628467
2024-03-11 14:18:03,401 - player_game_data - INFO - Fetched game data for player 1630233
2024-03-11 14:18:03,598 - player_game_data - INFO - Fetched game data for player 1628995
2024-03-11 14:18:03,762 - player_game_data - INFO - Fetched game data for player 1631132
2024-03-11 14:18:03,943 - player_game_data - INFO - Fetched game data for player 1629723
2024-03-11 14:18:04,132 - player_game_data - INFO - Fetched game data for player 1627788
2024-03-11 14:18:04,302 - player_game_data - INFO - Fetched game data for player 1628436
2024-03-11 14:18:04,625 - player_game_data - INFO - Fetched game data for player 1630228
2024-03-11 14:18:04,714 - player_game_data - INFO - Inserted game data: Player ID: 1630228, Player Name: Jonathan Kuminga, Game ID: 0022300899, Game Date: 1709683200000, Matchup: GSW vs. MIL
2024-03-11 14:18:04,836 - player_game_data - INFO - Fetched game data for player 1628398
2024-03-11 14:18:04,906 - player_game_data - INFO - Inserted game data: Player ID: 1628398, Player Name: Kyle Kuzma, Game ID: 0022300910, Game Date: 1709856000000, Matchup: WAS vs. CHA
2024-03-11 14:18:05,054 - player_game_data - INFO - Fetched game data for player 1631222
2024-03-11 14:18:05,114 - player_game_data - INFO - Inserted game data: Player ID: 1631222, Player Name: Jake LaRavia, Game ID: 0022300913, Game Date: 1709856000000, Matchup: MEM vs. ATL
2024-03-11 14:18:05,231 - player_game_data - INFO - Fetched game data for player 203897
2024-03-11 14:18:05,396 - player_game_data - INFO - Fetched game data for player 1629111
2024-03-11 14:18:05,468 - player_game_data - INFO - Inserted game data: Player ID: 1629111, Player Name: Jock Landale, Game ID: 0022300916, Game Date: 1709856000000, Matchup: HOU @ POR
2024-03-11 14:18:05,788 - player_game_data - INFO - Fetched game data for player 1630639
2024-03-11 14:18:05,979 - player_game_data - INFO - Fetched game data for player 1627747
2024-03-11 14:18:06,045 - player_game_data - INFO - Inserted game data: Player ID: 1627747, Player Name: Caris LeVert, Game ID: 0022300911, Game Date: 1709856000000, Matchup: CLE vs. MIN
2024-03-11 14:18:06,198 - player_game_data - INFO - Fetched game data for player 1627814
2024-03-11 14:18:06,403 - player_game_data - INFO - Fetched game data for player 1630240
2024-03-11 14:18:06,550 - player_game_data - INFO - Fetched game data for player 203458
2024-03-11 14:18:06,615 - player_game_data - INFO - Inserted game data: Player ID: 203458, Player Name: Alex Len, Game ID: 0022300901, Game Date: 1709683200000, Matchup: SAC @ LAL
2024-03-11 14:18:06,800 - player_game_data - INFO - Fetched game data for player 202695
2024-03-11 14:18:06,971 - player_game_data - INFO - Fetched game data for player 1631171
2024-03-11 14:18:07,140 - player_game_data - INFO - Fetched game data for player 1641721
2024-03-11 14:18:07,291 - player_game_data - INFO - Fetched game data for player 1630184
2024-03-11 14:18:07,519 - player_game_data - INFO - Fetched game data for player 1630604
2024-03-11 14:18:07,719 - player_game_data - INFO - Fetched game data for player 203081
2024-03-11 14:18:07,800 - player_game_data - INFO - Inserted game data: Player ID: 203081, Player Name: Damian Lillard, Game ID: 0022300915, Game Date: 1709856000000, Matchup: MIL @ LAL
2024-03-11 14:18:07,942 - player_game_data - INFO - Fetched game data for player 1629642
2024-03-11 14:18:08,136 - player_game_data - INFO - Fetched game data for player 1641726
2024-03-11 14:18:08,512 - player_game_data - INFO - Fetched game data for player 1630587
2024-03-11 14:18:08,695 - player_game_data - INFO - Fetched game data for player 1641753
2024-03-11 14:18:08,876 - player_game_data - INFO - Fetched game data for player 1631254
2024-03-11 14:18:09,054 - player_game_data - INFO - Fetched game data for player 1626172
2024-03-11 14:18:09,243 - player_game_data - INFO - Fetched game data for player 201572
2024-03-11 14:18:09,314 - player_game_data - INFO - Inserted game data: Player ID: 201572, Player Name: Brook Lopez, Game ID: 0022300915, Game Date: 1709856000000, Matchup: MIL @ LAL
2024-03-11 14:18:09,465 - player_game_data - INFO - Fetched game data for player 201577
2024-03-11 14:18:09,648 - player_game_data - INFO - Fetched game data for player 201567
2024-03-11 14:18:09,830 - player_game_data - INFO - Fetched game data for player 200768
2024-03-11 14:18:09,898 - player_game_data - INFO - Inserted game data: Player ID: 200768, Player Name: Kyle Lowry, Game ID: 0022300909, Game Date: 1709856000000, Matchup: PHI vs. NOP
2024-03-11 14:18:10,082 - player_game_data - INFO - Fetched game data for player 1641754
2024-03-11 14:18:10,247 - player_game_data - INFO - Fetched game data for player 1626168
2024-03-11 14:18:10,374 - player_game_data - INFO - Inserted game data: Player ID: 1626168, Player Name: Trey Lyles, Game ID: 0022300901, Game Date: 1709683200000, Matchup: SAC @ LAL
2024-03-11 14:18:10,547 - player_game_data - INFO - Fetched game data for player 1630177
2024-03-11 14:18:10,715 - player_game_data - INFO - Fetched game data for player 1630572
2024-03-11 14:18:10,882 - player_game_data - INFO - Fetched game data for player 1629611
2024-03-11 14:18:10,953 - player_game_data - INFO - Inserted game data: Player ID: 1629611, Player Name: Terance Mann, Game ID: 0022300917, Game Date: 1709942400000, Matchup: LAC vs. CHI
2024-03-11 14:18:11,132 - player_game_data - INFO - Fetched game data for player 1630544
2024-03-11 14:18:11,364 - player_game_data - INFO - Fetched game data for player 1626246
2024-03-11 14:18:11,546 - player_game_data - INFO - Fetched game data for player 1628374
2024-03-11 14:18:11,722 - player_game_data - INFO - Fetched game data for player 1630230
2024-03-11 14:18:11,786 - player_game_data - INFO - Inserted game data: Player ID: 1630230, Player Name: Naji Marshall, Game ID: 0022300909, Game Date: 1709856000000, Matchup: NOP @ PHI
2024-03-11 14:18:12,018 - player_game_data - INFO - Fetched game data for player 1628997
2024-03-11 14:18:12,106 - player_game_data - INFO - Inserted game data: Player ID: 1628997, Player Name: Caleb Martin, Game ID: 0022300914, Game Date: 1709856000000, Matchup: MIA @ OKC
2024-03-11 14:18:12,311 - player_game_data - INFO - Fetched game data for player 1628998
2024-03-11 14:18:12,579 - player_game_data - INFO - Fetched game data for player 1630231
2024-03-11 14:18:12,645 - player_game_data - INFO - Inserted game data: Player ID: 1630231, Player Name: KJ Martin, Game ID: 0022300909, Game Date: 1709856000000, Matchup: PHI vs. NOP
2024-03-11 14:18:12,870 - player_game_data - INFO - Fetched game data for player 1629726
2024-03-11 14:18:12,958 - player_game_data - INFO - Inserted game data: Player ID: 1629726, Player Name: Garrison Mathews, Game ID: 0022300913, Game Date: 1709856000000, Matchup: ATL @ MEM
2024-03-11 14:18:13,119 - player_game_data - INFO - Fetched game data for player 1631097
2024-03-11 14:18:13,369 - player_game_data - INFO - Fetched game data for player 202083
2024-03-11 14:18:13,438 - player_game_data - INFO - Inserted game data: Player ID: 202083, Player Name: Wesley Matthews, Game ID: 0022300913, Game Date: 1709856000000, Matchup: ATL @ MEM
2024-03-11 14:18:13,662 - player_game_data - INFO - Fetched game data for player 1630178
2024-03-11 14:18:14,063 - player_game_data - INFO - Fetched game data for player 1630219
2024-03-11 14:18:14,294 - player_game_data - INFO - Fetched game data for player 1630540
2024-03-11 14:18:14,540 - player_game_data - INFO - Inserted game data: Player ID: 1630540, Player Name: Miles McBride, Game ID: 0022300912, Game Date: 1709856000000, Matchup: NYK vs. ORL
2024-03-11 14:18:14,692 - player_game_data - INFO - Fetched game data for player 203468
2024-03-11 14:18:14,787 - player_game_data - INFO - Inserted game data: Player ID: 203468, Player Name: CJ McCollum, Game ID: 0022300909, Game Date: 1709856000000, Matchup: NOP @ PHI
2024-03-11 14:18:14,981 - player_game_data - INFO - Fetched game data for player 204456
2024-03-11 14:18:15,370 - player_game_data - INFO - Fetched game data for player 1630183
2024-03-11 14:18:15,454 - player_game_data - INFO - Inserted game data: Player ID: 1630183, Player Name: Jaden McDaniels, Game ID: 0022300911, Game Date: 1709856000000, Matchup: MIN @ CLE
2024-03-11 14:18:15,778 - player_game_data - INFO - Fetched game data for player 1629667
2024-03-11 14:18:15,985 - player_game_data - INFO - Fetched game data for player 203926
2024-03-11 14:18:16,477 - player_game_data - INFO - Fetched game data for player 201580
2024-03-11 14:18:16,995 - player_game_data - INFO - Fetched game data for player 1631121
2024-03-11 14:18:17,344 - player_game_data - INFO - Fetched game data for player 1629162
2024-03-11 14:18:17,407 - player_game_data - INFO - Inserted game data: Player ID: 1629162, Player Name: Jordan McLaughlin, Game ID: 0022300911, Game Date: 1709856000000, Matchup: MIN @ CLE
2024-03-11 14:18:17,544 - player_game_data - INFO - Fetched game data for player 1629001
2024-03-11 14:18:17,995 - player_game_data - INFO - Fetched game data for player 1630241
2024-03-11 14:18:18,079 - player_game_data - INFO - Inserted game data: Player ID: 1630241, Player Name: Sam Merrill, Game ID: 0022300911, Game Date: 1709856000000, Matchup: CLE vs. MIN
2024-03-11 14:18:18,416 - player_game_data - INFO - Fetched game data for player 1629002
2024-03-11 14:18:18,862 - player_game_data - INFO - Fetched game data for player 203995
2024-03-11 14:18:18,966 - player_game_data - INFO - Inserted game data: Player ID: 203995, Player Name: Vasilije Micic, Game ID: 0022300910, Game Date: 1709856000000, Matchup: CHA @ WAS
2024-03-11 14:18:19,185 - player_game_data - INFO - Fetched game data for player 203114
2024-03-11 14:18:19,526 - player_game_data - INFO - Fetched game data for player 1641706
2024-03-11 14:18:19,645 - player_game_data - INFO - Inserted game data: Player ID: 1641706, Player Name: Brandon Miller, Game ID: 0022300910, Game Date: 1709856000000, Matchup: CHA @ WAS
2024-03-11 14:18:20,012 - player_game_data - INFO - Fetched game data for player 1641757
2024-03-11 14:18:20,217 - player_game_data - INFO - Fetched game data for player 1631159
2024-03-11 14:18:20,529 - player_game_data - INFO - Fetched game data for player 201988
2024-03-11 14:18:20,613 - player_game_data - INFO - Inserted game data: Player ID: 201988, Player Name: Patty Mills, Game ID: 0022300914, Game Date: 1709856000000, Matchup: MIA @ OKC
2024-03-11 14:18:20,795 - player_game_data - INFO - Fetched game data for player 1629003
2024-03-11 14:18:21,144 - player_game_data - INFO - Fetched game data for player 1631303
2024-03-11 14:18:21,311 - player_game_data - INFO - Fetched game data for player 1631169
2024-03-11 14:18:21,576 - player_game_data - INFO - Fetched game data for player 1630558
2024-03-11 14:18:21,746 - player_game_data - INFO - Inserted game data: Player ID: 1630558, Player Name: Davion Mitchell, Game ID: 0022300901, Game Date: 1709683200000, Matchup: SAC @ LAL
2024-03-11 14:18:21,896 - player_game_data - INFO - Fetched game data for player 1628378
2024-03-11 14:18:22,194 - player_game_data - INFO - Fetched game data for player 1630596
2024-03-11 14:18:22,431 - player_game_data - INFO - Fetched game data for player 1630600
2024-03-11 14:18:22,778 - player_game_data - INFO - Fetched game data for player 1628370
2024-03-11 14:18:22,877 - player_game_data - INFO - Inserted game data: Player ID: 1628370, Player Name: Malik Monk, Game ID: 0022300901, Game Date: 1709683200000, Matchup: SAC @ LAL
2024-03-11 14:18:23,059 - player_game_data - INFO - Fetched game data for player 1630541
2024-03-11 14:18:23,140 - player_game_data - INFO - Inserted game data: Player ID: 1630541, Player Name: Moses Moody, Game ID: 0022300899, Game Date: 1709683200000, Matchup: GSW vs. MIL
2024-03-11 14:18:23,387 - player_game_data - INFO - Fetched game data for player 1631111
2024-03-11 14:18:23,652 - player_game_data - INFO - Fetched game data for player 1629630
2024-03-11 14:18:23,905 - player_game_data - INFO - Fetched game data for player 202693
2024-03-11 14:18:24,179 - player_game_data - INFO - Fetched game data for player 1628420
2024-03-11 14:18:24,416 - player_game_data - INFO - Fetched game data for player 202694
2024-03-11 14:18:24,629 - player_game_data - INFO - Fetched game data for player 1630530
2024-03-11 14:18:24,693 - player_game_data - INFO - Inserted game data: Player ID: 1630530, Player Name: Trey Murphy III, Game ID: 0022300909, Game Date: 1709856000000, Matchup: NOP @ PHI
2024-03-11 14:18:24,845 - player_game_data - INFO - Fetched game data for player 1627749
2024-03-11 14:18:24,911 - player_game_data - INFO - Inserted game data: Player ID: 1627749, Player Name: Dejounte Murray, Game ID: 0022300913, Game Date: 1709856000000, Matchup: ATL @ MEM
2024-03-11 14:18:24,938 - player_game_data - INFO - Inserted game data: Player ID: 1627749, Player Name: Dejounte Murray, Game ID: 0022300895, Game Date: 1709683200000, Matchup: ATL vs. CLE
2024-03-11 14:18:25,145 - player_game_data - INFO - Fetched game data for player 1627750
2024-03-11 14:18:25,226 - player_game_data - INFO - Inserted game data: Player ID: 1627750, Player Name: Jamal Murray, Game ID: 0022300906, Game Date: 1709769600000, Matchup: DEN vs. BOS
2024-03-11 14:18:25,342 - player_game_data - INFO - Fetched game data for player 1631099
2024-03-11 14:18:25,415 - player_game_data - INFO - Inserted game data: Player ID: 1631099, Player Name: Keegan Murray, Game ID: 0022300908, Game Date: 1709769600000, Matchup: SAC vs. SAS
2024-03-11 14:18:25,437 - player_game_data - INFO - Inserted game data: Player ID: 1631099, Player Name: Keegan Murray, Game ID: 0022300901, Game Date: 1709683200000, Matchup: SAC @ LAL
2024-03-11 14:18:25,748 - player_game_data - INFO - Fetched game data for player 1631200
2024-03-11 14:18:25,830 - player_game_data - INFO - Inserted game data: Player ID: 1631200, Player Name: Kris Murray, Game ID: 0022300916, Game Date: 1709856000000, Matchup: POR vs. HOU
2024-03-11 14:18:25,857 - player_game_data - INFO - Inserted game data: Player ID: 1631200, Player Name: Kris Murray, Game ID: 0022300900, Game Date: 1709683200000, Matchup: POR vs. OKC
2024-03-11 14:18:26,011 - player_game_data - INFO - Fetched game data for player 203488
2024-03-11 14:18:26,298 - player_game_data - INFO - Fetched game data for player 1629004
2024-03-11 14:18:26,537 - player_game_data - INFO - Fetched game data for player 1626204
2024-03-11 14:18:26,602 - player_game_data - INFO - Inserted game data: Player ID: 1626204, Player Name: Larry Nance Jr., Game ID: 0022300909, Game Date: 1709856000000, Matchup: NOP @ PHI
2024-03-11 14:18:26,867 - player_game_data - INFO - Fetched game data for player 1629614
2024-03-11 14:18:26,953 - player_game_data - INFO - Inserted game data: Player ID: 1629614, Player Name: Andrew Nembhard, Game ID: 0022300903, Game Date: 1709769600000, Matchup: IND vs. MIN
2024-03-11 14:18:27,245 - player_game_data - INFO - Fetched game data for player 1630174
2024-03-11 14:18:27,349 - player_game_data - INFO - Inserted game data: Player ID: 1630174, Player Name: Aaron Nesmith, Game ID: 0022300903, Game Date: 1709769600000, Matchup: IND vs. MIN
2024-03-11 14:18:27,560 - player_game_data - INFO - Fetched game data for player 1627777
2024-03-11 14:18:27,794 - player_game_data - INFO - Inserted game data: Player ID: 1627777, Player Name: Georges Niang, Game ID: 0022300911, Game Date: 1709856000000, Matchup: CLE vs. MIN
2024-03-11 14:18:27,854 - player_game_data - INFO - Inserted game data: Player ID: 1627777, Player Name: Georges Niang, Game ID: 0022300895, Game Date: 1709683200000, Matchup: CLE @ ATL
2024-03-11 14:18:28,049 - player_game_data - INFO - Fetched game data for player 1630227
2024-03-11 14:18:28,563 - player_game_data - INFO - Fetched game data for player 1630192
2024-03-11 14:18:28,806 - player_game_data - INFO - Inserted game data: Player ID: 1630192, Player Name: Zeke Nnaji, Game ID: 0022300906, Game Date: 1709769600000, Matchup: DEN vs. BOS
2024-03-11 14:18:28,962 - player_game_data - INFO - Fetched game data for player 1641936
2024-03-11 14:18:29,342 - player_game_data - INFO - Fetched game data for player 1641806
2024-03-11 14:18:29,554 - player_game_data - INFO - Fetched game data for player 1628373
2024-03-11 14:18:29,866 - player_game_data - INFO - Fetched game data for player 203994
2024-03-11 14:18:29,972 - player_game_data - INFO - Inserted game data: Player ID: 203994, Player Name: Jusuf Nurkic, Game ID: 0022300905, Game Date: 1709769600000, Matchup: PHX vs. TOR
2024-03-11 14:18:30,130 - player_game_data - INFO - Fetched game data for player 1629670
2024-03-11 14:18:30,465 - player_game_data - INFO - Inserted game data: Player ID: 1629670, Player Name: Jordan Nwora, Game ID: 0022300905, Game Date: 1709769600000, Matchup: TOR @ PHX
2024-03-11 14:18:30,613 - player_game_data - INFO - Fetched game data for player 1626220
2024-03-11 14:18:30,705 - player_game_data - INFO - Inserted game data: Player ID: 1626220, Player Name: Royce O'Neale, Game ID: 0022300905, Game Date: 1709769600000, Matchup: PHX vs. TOR
2024-03-11 14:18:31,028 - player_game_data - INFO - Fetched game data for player 1629643
2024-03-11 14:18:31,449 - player_game_data - INFO - Fetched game data for player 1629006
2024-03-11 14:18:31,775 - player_game_data - INFO - Fetched game data for player 1630168
2024-03-11 14:18:32,175 - player_game_data - INFO - Fetched game data for player 1630171
2024-03-11 14:18:32,254 - player_game_data - INFO - Inserted game data: Player ID: 1630171, Player Name: Isaac Okoro, Game ID: 0022300911, Game Date: 1709856000000, Matchup: CLE vs. MIN
2024-03-11 14:18:32,504 - player_game_data - INFO - Inserted game data: Player ID: 1630171, Player Name: Isaac Okoro, Game ID: 0022300895, Game Date: 1709683200000, Matchup: CLE @ ATL
2024-03-11 14:18:32,728 - player_game_data - INFO - Fetched game data for player 203506
2024-03-11 14:18:33,101 - player_game_data - INFO - Fetched game data for player 203482
2024-03-11 14:18:33,205 - player_game_data - INFO - Inserted game data: Player ID: 203482, Player Name: Kelly Olynyk, Game ID: 0022300905, Game Date: 1709769600000, Matchup: TOR @ PHX
2024-03-11 14:18:33,545 - player_game_data - INFO - Fetched game data for player 1630647
2024-03-11 14:18:33,609 - player_game_data - INFO - Inserted game data: Player ID: 1630647, Player Name: Eugene Omoruyi, Game ID: 0022300910, Game Date: 1709856000000, Matchup: WAS vs. CHA
2024-03-11 14:18:33,688 - player_game_data - INFO - Inserted game data: Player ID: 1630647, Player Name: Eugene Omoruyi, Game ID: 0022300894, Game Date: 1709683200000, Matchup: WAS vs. ORL
2024-03-11 14:18:34,066 - player_game_data - INFO - Fetched game data for player 1626224
2024-03-11 14:18:34,323 - player_game_data - INFO - Fetched game data for player 1626162
2024-03-11 14:18:34,606 - player_game_data - INFO - Inserted game data: Player ID: 1626162, Player Name: Kelly Oubre Jr., Game ID: 0022300909, Game Date: 1709856000000, Matchup: PHI vs. NOP
2024-03-11 14:18:34,637 - player_game_data - INFO - Inserted game data: Player ID: 1626162, Player Name: Kelly Oubre Jr., Game ID: 0022300896, Game Date: 1709683200000, Matchup: PHI vs. MEM
2024-03-11 14:18:34,784 - player_game_data - INFO - Fetched game data for player 101108
2024-03-11 14:18:34,862 - player_game_data - INFO - Inserted game data: Player ID: 101108, Player Name: Chris Paul, Game ID: 0022300907, Game Date: 1709769600000, Matchup: GSW vs. CHI
2024-03-11 14:18:34,887 - player_game_data - INFO - Inserted game data: Player ID: 101108, Player Name: Chris Paul, Game ID: 0022300899, Game Date: 1709683200000, Matchup: GSW vs. MIL
2024-03-11 14:18:35,108 - player_game_data - INFO - Fetched game data for player 1626166
2024-03-11 14:18:35,194 - player_game_data - INFO - Inserted game data: Player ID: 1626166, Player Name: Cameron Payne, Game ID: 0022300909, Game Date: 1709856000000, Matchup: PHI vs. NOP
2024-03-11 14:18:35,217 - player_game_data - INFO - Inserted game data: Player ID: 1626166, Player Name: Cameron Payne, Game ID: 0022300896, Game Date: 1709683200000, Matchup: PHI vs. MEM
2024-03-11 14:18:35,411 - player_game_data - INFO - Fetched game data for player 1627780
2024-03-11 14:18:35,473 - player_game_data - INFO - Inserted game data: Player ID: 1627780, Player Name: Gary Payton II, Game ID: 0022300899, Game Date: 1709683200000, Matchup: GSW vs. MIL
2024-03-11 14:18:35,681 - player_game_data - INFO - Fetched game data for player 1630196
2024-03-11 14:18:35,831 - player_game_data - INFO - Fetched game data for player 1641763
2024-03-11 14:18:35,920 - player_game_data - INFO - Inserted game data: Player ID: 1641763, Player Name: Julian Phillips, Game ID: 0022300907, Game Date: 1709769600000, Matchup: CHI @ GSW
2024-03-11 14:18:35,947 - player_game_data - INFO - Inserted game data: Player ID: 1641763, Player Name: Julian Phillips, Game ID: 0022300898, Game Date: 1709683200000, Matchup: CHI @ UTA
2024-03-11 14:18:36,159 - player_game_data - INFO - Fetched game data for player 1629618
2024-03-11 14:18:36,500 - player_game_data - INFO - Fetched game data for player 203486
2024-03-11 14:18:36,570 - player_game_data - INFO - Inserted game data: Player ID: 203486, Player Name: Mason Plumlee, Game ID: 0022300897, Game Date: 1709683200000, Matchup: LAC @ HOU
2024-03-11 14:18:36,873 - player_game_data - INFO - Fetched game data for player 1641764
2024-03-11 14:18:36,958 - player_game_data - INFO - Inserted game data: Player ID: 1641764, Player Name: Brandin Podziemski, Game ID: 0022300907, Game Date: 1709769600000, Matchup: GSW vs. CHI
2024-03-11 14:18:36,988 - player_game_data - INFO - Inserted game data: Player ID: 1641764, Player Name: Brandin Podziemski, Game ID: 0022300899, Game Date: 1709683200000, Matchup: GSW vs. MIL
2024-03-11 14:18:37,098 - player_game_data - INFO - Fetched game data for player 1627751
2024-03-11 14:18:37,484 - player_game_data - INFO - Fetched game data for player 1630197
2024-03-11 14:18:37,778 - player_game_data - INFO - Fetched game data for player 1629673
2024-03-11 14:18:37,957 - player_game_data - INFO - Inserted game data: Player ID: 1629673, Player Name: Jordan Poole, Game ID: 0022300910, Game Date: 1709856000000, Matchup: WAS vs. CHA
2024-03-11 14:18:37,982 - player_game_data - INFO - Inserted game data: Player ID: 1629673, Player Name: Jordan Poole, Game ID: 0022300894, Game Date: 1709683200000, Matchup: WAS vs. ORL
2024-03-11 14:18:38,127 - player_game_data - INFO - Fetched game data for player 1641854
2024-03-11 14:18:38,281 - player_game_data - INFO - Inserted game data: Player ID: 1641854, Player Name: Craig Porter, Game ID: 0022300911, Game Date: 1709856000000, Matchup: CLE vs. MIN
2024-03-11 14:18:38,315 - player_game_data - INFO - Inserted game data: Player ID: 1641854, Player Name: Craig Porter, Game ID: 0022300895, Game Date: 1709683200000, Matchup: CLE @ ATL
2024-03-11 14:18:38,546 - player_game_data - INFO - Fetched game data for player 1629008
2024-03-11 14:18:38,637 - player_game_data - INFO - Inserted game data: Player ID: 1629008, Player Name: Michael Porter Jr., Game ID: 0022300906, Game Date: 1709769600000, Matchup: DEN vs. BOS
2024-03-11 14:18:38,974 - player_game_data - INFO - Fetched game data for player 203490
2024-03-11 14:18:39,169 - player_game_data - INFO - Fetched game data for player 1626171
2024-03-11 14:18:39,494 - player_game_data - INFO - Inserted game data: Player ID: 1626171, Player Name: Bobby Portis, Game ID: 0022300915, Game Date: 1709856000000, Matchup: MIL @ LAL
2024-03-11 14:18:39,521 - player_game_data - INFO - Inserted game data: Player ID: 1626171, Player Name: Bobby Portis, Game ID: 0022300899, Game Date: 1709683200000, Matchup: MIL @ GSW
2024-03-11 14:18:39,654 - player_game_data - INFO - Fetched game data for player 204001
2024-03-11 14:18:40,013 - player_game_data - INFO - Fetched game data for player 1630695
2024-03-11 14:18:40,168 - player_game_data - INFO - Fetched game data for player 203939
2024-03-11 14:18:40,548 - player_game_data - INFO - Fetched game data for player 1626181
2024-03-11 14:18:40,656 - player_game_data - INFO - Inserted game data: Player ID: 1626181, Player Name: Norman Powell, Game ID: 0022300917, Game Date: 1709942400000, Matchup: LAC vs. CHI
2024-03-11 14:18:40,688 - player_game_data - INFO - Inserted game data: Player ID: 1626181, Player Name: Norman Powell, Game ID: 0022300897, Game Date: 1709683200000, Matchup: LAC @ HOU
2024-03-11 14:18:40,878 - player_game_data - INFO - Fetched game data for player 1630563
2024-03-11 14:18:41,165 - player_game_data - INFO - Fetched game data for player 1627752
2024-03-11 14:18:41,251 - player_game_data - INFO - Inserted game data: Player ID: 1627752, Player Name: Taurean Prince, Game ID: 0022300915, Game Date: 1709856000000, Matchup: LAL vs. MIL
2024-03-11 14:18:41,274 - player_game_data - INFO - Inserted game data: Player ID: 1627752, Player Name: Taurean Prince, Game ID: 0022300901, Game Date: 1709683200000, Matchup: LAL vs. SAC
2024-03-11 14:18:41,595 - player_game_data - INFO - Fetched game data for player 1630202
2024-03-11 14:18:41,688 - player_game_data - INFO - Inserted game data: Player ID: 1630202, Player Name: Payton Pritchard, Game ID: 0022300906, Game Date: 1709769600000, Matchup: BOS @ DEN
2024-03-11 14:18:41,936 - player_game_data - INFO - Fetched game data for player 1641765
2024-03-11 14:18:42,225 - player_game_data - INFO - Fetched game data for player 1630243
2024-03-11 14:18:42,498 - player_game_data - INFO - Fetched game data for player 1629674
2024-03-11 14:18:42,780 - player_game_data - INFO - Fetched game data for player 1630193
2024-03-11 14:18:42,874 - player_game_data - INFO - Inserted game data: Player ID: 1630193, Player Name: Immanuel Quickley, Game ID: 0022300905, Game Date: 1709769600000, Matchup: TOR @ PHX
2024-03-11 14:18:43,167 - player_game_data - INFO - Fetched game data for player 1631311
2024-03-11 14:18:43,230 - player_game_data - INFO - Inserted game data: Player ID: 1631311, Player Name: Lester Quinones, Game ID: 0022300907, Game Date: 1709769600000, Matchup: GSW vs. CHI
2024-03-11 14:18:43,253 - player_game_data - INFO - Inserted game data: Player ID: 1631311, Player Name: Lester Quinones, Game ID: 0022300899, Game Date: 1709683200000, Matchup: GSW vs. MIL
2024-03-11 14:18:43,381 - player_game_data - INFO - Fetched game data for player 203944
2024-03-11 14:18:43,696 - player_game_data - INFO - Fetched game data for player 1641871
2024-03-11 14:18:43,773 - player_game_data - INFO - Inserted game data: Player ID: 1641871, Player Name: Duop Reath, Game ID: 0022300916, Game Date: 1709856000000, Matchup: POR vs. HOU
2024-03-11 14:18:43,802 - player_game_data - INFO - Inserted game data: Player ID: 1641871, Player Name: Duop Reath, Game ID: 0022300900, Game Date: 1709683200000, Matchup: POR vs. OKC
2024-03-11 14:18:43,938 - player_game_data - INFO - Fetched game data for player 1630559
2024-03-11 14:18:44,091 - player_game_data - INFO - Inserted game data: Player ID: 1630559, Player Name: Austin Reaves, Game ID: 0022300915, Game Date: 1709856000000, Matchup: LAL vs. MIL
2024-03-11 14:18:44,204 - player_game_data - INFO - Inserted game data: Player ID: 1630559, Player Name: Austin Reaves, Game ID: 0022300901, Game Date: 1709683200000, Matchup: LAL vs. SAC
2024-03-11 14:18:44,432 - player_game_data - INFO - Fetched game data for player 1629629
2024-03-11 14:18:44,733 - player_game_data - INFO - Fetched game data for player 1630194
2024-03-11 14:18:44,820 - player_game_data - INFO - Inserted game data: Player ID: 1630194, Player Name: Paul Reed, Game ID: 0022300909, Game Date: 1709856000000, Matchup: PHI vs. NOP
2024-03-11 14:18:44,847 - player_game_data - INFO - Inserted game data: Player ID: 1630194, Player Name: Paul Reed, Game ID: 0022300896, Game Date: 1709683200000, Matchup: PHI vs. MEM
2024-03-11 14:18:45,070 - player_game_data - INFO - Fetched game data for player 1629675
2024-03-11 14:18:45,156 - player_game_data - INFO - Inserted game data: Player ID: 1629675, Player Name: Naz Reid, Game ID: 0022300911, Game Date: 1709856000000, Matchup: MIN @ CLE
2024-03-11 14:18:45,248 - player_game_data - INFO - Inserted game data: Player ID: 1629675, Player Name: Naz Reid, Game ID: 0022300903, Game Date: 1709769600000, Matchup: MIN @ IND
2024-03-11 14:18:45,372 - player_game_data - INFO - Fetched game data for player 1631197
2024-03-11 14:18:45,597 - player_game_data - INFO - Fetched game data for player 1641811
2024-03-11 14:18:45,909 - player_game_data - INFO - Fetched game data for player 1630208
2024-03-11 14:18:46,004 - player_game_data - INFO - Inserted game data: Player ID: 1630208, Player Name: Nick Richards, Game ID: 0022300910, Game Date: 1709856000000, Matchup: CHA @ WAS
2024-03-11 14:18:46,211 - player_game_data - INFO - Fetched game data for player 1626196
2024-03-11 14:18:46,811 - player_game_data - INFO - Fetched game data for player 1629130
2024-03-11 14:18:46,942 - player_game_data - INFO - Inserted game data: Player ID: 1629130, Player Name: Duncan Robinson, Game ID: 0022300914, Game Date: 1709856000000, Matchup: MIA @ OKC
2024-03-11 14:18:46,973 - player_game_data - INFO - Inserted game data: Player ID: 1629130, Player Name: Duncan Robinson, Game ID: 0022300904, Game Date: 1709769600000, Matchup: MIA @ DAL
2024-03-11 14:18:47,167 - player_game_data - INFO - Fetched game data for player 1629010
2024-03-11 14:18:47,253 - player_game_data - INFO - Inserted game data: Player ID: 1629010, Player Name: Jerome Robinson, Game ID: 0022300899, Game Date: 1709683200000, Matchup: GSW vs. MIL
2024-03-11 14:18:47,411 - player_game_data - INFO - Fetched game data for player 1629011
2024-03-11 14:18:47,599 - player_game_data - INFO - Fetched game data for player 1631115
2024-03-11 14:18:48,310 - player_game_data - INFO - Fetched game data for player 1630526
2024-03-11 14:18:48,565 - player_game_data - INFO - Fetched game data for player 1631223
2024-03-11 14:18:48,840 - player_game_data - INFO - Fetched game data for player 1631157
2024-03-11 14:18:49,048 - player_game_data - INFO - Fetched game data for player 201565
2024-03-11 14:18:49,258 - player_game_data - INFO - Fetched game data for player 1626179
2024-03-11 14:18:49,331 - player_game_data - INFO - Inserted game data: Player ID: 1626179, Player Name: Terry Rozier, Game ID: 0022300914, Game Date: 1709856000000, Matchup: MIA @ OKC
2024-03-11 14:18:49,358 - player_game_data - INFO - Inserted game data: Player ID: 1626179, Player Name: Terry Rozier, Game ID: 0022300904, Game Date: 1709769600000, Matchup: MIA @ DAL
2024-03-11 14:18:49,469 - player_game_data - INFO - Fetched game data for player 201937
2024-03-11 14:18:49,604 - player_game_data - INFO - Fetched game data for player 1641712
2024-03-11 14:18:49,665 - player_game_data - INFO - Inserted game data: Player ID: 1641712, Player Name: Rayan Rupert, Game ID: 0022300916, Game Date: 1709856000000, Matchup: POR vs. HOU
2024-03-11 14:18:49,779 - player_game_data - INFO - Inserted game data: Player ID: 1641712, Player Name: Rayan Rupert, Game ID: 0022300900, Game Date: 1709683200000, Matchup: POR vs. OKC
2024-03-11 14:18:49,891 - player_game_data - INFO - Fetched game data for player 1626156
2024-03-11 14:18:49,955 - player_game_data - INFO - Inserted game data: Player ID: 1626156, Player Name: D'Angelo Russell, Game ID: 0022300915, Game Date: 1709856000000, Matchup: LAL vs. MIL
2024-03-11 14:18:49,977 - player_game_data - INFO - Inserted game data: Player ID: 1626156, Player Name: D'Angelo Russell, Game ID: 0022300901, Game Date: 1709683200000, Matchup: LAL vs. SAC
2024-03-11 14:18:50,096 - player_game_data - INFO - Fetched game data for player 1630346
2024-03-11 14:18:50,307 - player_game_data - INFO - Fetched game data for player 1627734
2024-03-11 14:18:50,417 - player_game_data - INFO - Inserted game data: Player ID: 1627734, Player Name: Domantas Sabonis, Game ID: 0022300908, Game Date: 1709769600000, Matchup: SAC vs. SAS
2024-03-11 14:18:50,449 - player_game_data - INFO - Inserted game data: Player ID: 1627734, Player Name: Domantas Sabonis, Game ID: 0022300901, Game Date: 1709683200000, Matchup: SAC @ LAL
2024-03-11 14:18:50,588 - player_game_data - INFO - Fetched game data for player 1629677
2024-03-11 14:18:50,846 - player_game_data - INFO - Inserted game data: Player ID: 1629677, Player Name: Luka Samanic, Game ID: 0022300898, Game Date: 1709683200000, Matchup: UTA vs. CHI
2024-03-11 14:18:51,016 - player_game_data - INFO - Fetched game data for player 1631257
2024-03-11 14:18:51,179 - player_game_data - INFO - Fetched game data for player 1641766
2024-03-11 14:18:51,566 - player_game_data - INFO - Fetched game data for player 1630611
2024-03-11 14:18:52,713 - player_game_data - INFO - Inserted game data: Player ID: 1630611, Player Name: Gui Santos, Game ID: 0022300899, Game Date: 1709683200000, Matchup: GSW vs. MIL
2024-03-11 14:18:53,979 - player_game_data - INFO - Fetched game data for player 203967
2024-03-11 14:18:54,091 - player_game_data - INFO - Inserted game data: Player ID: 203967, Player Name: Dario Saric, Game ID: 0022300899, Game Date: 1709683200000, Matchup: GSW vs. MIL
2024-03-11 14:18:54,247 - player_game_data - INFO - Fetched game data for player 1630846
2024-03-11 14:18:54,580 - player_game_data - INFO - Fetched game data for player 1631204
2024-03-11 14:18:54,660 - player_game_data - INFO - Inserted game data: Player ID: 1631204, Player Name: Marcus Sasser, Game ID: 0022300902, Game Date: 1709769600000, Matchup: DET vs. BKN
2024-03-11 14:18:54,769 - player_game_data - INFO - Fetched game data for player 1629678
2024-03-11 14:18:55,036 - player_game_data - INFO - Fetched game data for player 203471
2024-03-11 14:18:55,258 - player_game_data - INFO - Inserted game data: Player ID: 203471, Player Name: Dennis Schroder, Game ID: 0022300918, Game Date: 1709942400000, Matchup: BKN @ CHA
2024-03-11 14:18:55,292 - player_game_data - INFO - Inserted game data: Player ID: 203471, Player Name: Dennis Schroder, Game ID: 0022300902, Game Date: 1709769600000, Matchup: BKN @ DET
2024-03-11 14:18:55,423 - player_game_data - INFO - Fetched game data for player 1631220
2024-03-11 14:18:55,760 - player_game_data - INFO - Fetched game data for player 1630578
2024-03-11 14:18:55,842 - player_game_data - INFO - Inserted game data: Player ID: 1630578, Player Name: Alperen Sengun, Game ID: 0022300916, Game Date: 1709856000000, Matchup: HOU @ POR
2024-03-11 14:18:55,870 - player_game_data - INFO - Inserted game data: Player ID: 1630578, Player Name: Alperen Sengun, Game ID: 0022300897, Game Date: 1709683200000, Matchup: HOU vs. LAC
2024-03-11 14:18:56,091 - player_game_data - INFO - Fetched game data for player 1641729
2024-03-11 14:18:56,156 - player_game_data - INFO - Inserted game data: Player ID: 1641729, Player Name: Brice Sensabaugh, Game ID: 0022300898, Game Date: 1709683200000, Matchup: UTA vs. CHI
2024-03-11 14:18:56,296 - player_game_data - INFO - Fetched game data for player 1629012
2024-03-11 14:18:56,426 - player_game_data - INFO - Inserted game data: Player ID: 1629012, Player Name: Collin Sexton, Game ID: 0022300898, Game Date: 1709683200000, Matchup: UTA vs. CHI
2024-03-11 14:18:56,602 - player_game_data - INFO - Fetched game data for player 1629013
2024-03-11 14:18:56,713 - player_game_data - INFO - Inserted game data: Player ID: 1629013, Player Name: Landry Shamet, Game ID: 0022300894, Game Date: 1709683200000, Matchup: WAS vs. ORL
2024-03-11 14:18:56,863 - player_game_data - INFO - Fetched game data for player 1630549
2024-03-11 14:18:56,940 - player_game_data - INFO - Inserted game data: Player ID: 1630549, Player Name: Day'Ron Sharpe, Game ID: 0022300918, Game Date: 1709942400000, Matchup: BKN @ CHA
2024-03-11 14:18:57,503 - player_game_data - INFO - Fetched game data for player 1631101
2024-03-11 14:18:57,851 - player_game_data - INFO - Fetched game data for player 1641767
2024-03-11 14:18:58,308 - player_game_data - INFO - Inserted game data: Player ID: 1641767, Player Name: Ben Sheppard, Game ID: 0022300903, Game Date: 1709769600000, Matchup: IND vs. MIN
2024-03-11 14:18:58,514 - player_game_data - INFO - Fetched game data for player 1627783
2024-03-11 14:18:58,690 - player_game_data - INFO - Inserted game data: Player ID: 1627783, Player Name: Pascal Siakam, Game ID: 0022300903, Game Date: 1709769600000, Matchup: IND vs. MIN
2024-03-11 14:18:58,872 - player_game_data - INFO - Fetched game data for player 1627732
2024-03-11 14:18:59,103 - player_game_data - INFO - Fetched game data for player 1629014
2024-03-11 14:18:59,253 - player_game_data - INFO - Inserted game data: Player ID: 1629014, Player Name: Anfernee Simons, Game ID: 0022300916, Game Date: 1709856000000, Matchup: POR vs. HOU
2024-03-11 14:18:59,279 - player_game_data - INFO - Inserted game data: Player ID: 1629014, Player Name: Anfernee Simons, Game ID: 0022300900, Game Date: 1709683200000, Matchup: POR vs. OKC
2024-03-11 14:18:59,404 - player_game_data - INFO - Fetched game data for player 1630579
2024-03-11 14:18:59,475 - player_game_data - INFO - Inserted game data: Player ID: 1630579, Player Name: Jericho Sims, Game ID: 0022300912, Game Date: 1709856000000, Matchup: NYK vs. ORL
2024-03-11 14:18:59,747 - player_game_data - INFO - Fetched game data for player 1641771
2024-03-11 14:18:59,949 - player_game_data - INFO - Fetched game data for player 1630606
2024-03-11 14:19:00,133 - player_game_data - INFO - Fetched game data for player 203935
2024-03-11 14:19:00,439 - player_game_data - INFO - Fetched game data for player 1630696
2024-03-11 14:19:00,617 - player_game_data - INFO - Fetched game data for player 202397
2024-03-11 14:19:00,896 - player_game_data - INFO - Fetched game data for player 1630188
2024-03-11 14:19:01,337 - player_game_data - INFO - Fetched game data for player 1631173
2024-03-11 14:19:01,536 - player_game_data - INFO - Fetched game data for player 1628372
2024-03-11 14:19:01,638 - player_game_data - INFO - Inserted game data: Player ID: 1628372, Player Name: Dennis Smith Jr., Game ID: 0022300918, Game Date: 1709942400000, Matchup: BKN @ CHA
2024-03-11 14:19:01,662 - player_game_data - INFO - Inserted game data: Player ID: 1628372, Player Name: Dennis Smith Jr., Game ID: 0022300902, Game Date: 1709769600000, Matchup: BKN @ DET
2024-03-11 14:19:01,848 - player_game_data - INFO - Fetched game data for player 1631095
2024-03-11 14:19:01,916 - player_game_data - INFO - Inserted game data: Player ID: 1631095, Player Name: Jabari Smith Jr., Game ID: 0022300916, Game Date: 1709856000000, Matchup: HOU @ POR
2024-03-11 14:19:01,946 - player_game_data - INFO - Inserted game data: Player ID: 1631095, Player Name: Jabari Smith Jr., Game ID: 0022300897, Game Date: 1709683200000, Matchup: HOU vs. LAC
2024-03-11 14:19:02,116 - player_game_data - INFO - Fetched game data for player 1641733
2024-03-11 14:19:02,202 - player_game_data - INFO - Inserted game data: Player ID: 1641733, Player Name: Nick Smith Jr., Game ID: 0022300910, Game Date: 1709856000000, Matchup: CHA @ WAS
2024-03-11 14:19:02,513 - player_game_data - INFO - Fetched game data for player 1631110
2024-03-11 14:19:02,600 - player_game_data - INFO - Inserted game data: Player ID: 1631110, Player Name: Jeremy Sochan, Game ID: 0022300908, Game Date: 1709769600000, Matchup: SAS @ SAC
2024-03-11 14:19:02,800 - player_game_data - INFO - Fetched game data for player 1630531
2024-03-11 14:19:03,099 - player_game_data - INFO - Fetched game data for player 1630205
2024-03-11 14:19:03,179 - player_game_data - INFO - Inserted game data: Player ID: 1630205, Player Name: Lamar Stevens, Game ID: 0022300913, Game Date: 1709856000000, Matchup: MEM vs. ATL
2024-03-11 14:19:03,209 - player_game_data - INFO - Inserted game data: Player ID: 1630205, Player Name: Lamar Stevens, Game ID: 0022300896, Game Date: 1709683200000, Matchup: MEM @ PHI
2024-03-11 14:19:03,420 - player_game_data - INFO - Fetched game data for player 1630191
2024-03-11 14:19:03,487 - player_game_data - INFO - Inserted game data: Player ID: 1630191, Player Name: Isaiah Stewart, Game ID: 0022300902, Game Date: 1709769600000, Matchup: DET vs. BKN
2024-03-11 14:19:03,652 - player_game_data - INFO - Fetched game data for player 1631124
2024-03-11 14:19:03,841 - player_game_data - INFO - Fetched game data for player 1629622
2024-03-11 14:19:04,168 - player_game_data - INFO - Fetched game data for player 1630591
2024-03-11 14:19:04,465 - player_game_data - INFO - Fetched game data for player 1631306
2024-03-11 14:19:04,632 - player_game_data - INFO - Fetched game data for player 1630256
2024-03-11 14:19:04,881 - player_game_data - INFO - Fetched game data for player 1628369
2024-03-11 14:19:05,023 - player_game_data - INFO - Inserted game data: Player ID: 1628369, Player Name: Jayson Tatum, Game ID: 0022300906, Game Date: 1709769600000, Matchup: BOS @ DEN
2024-03-11 14:19:05,199 - player_game_data - INFO - Fetched game data for player 1630678
2024-03-11 14:19:05,788 - player_game_data - INFO - Fetched game data for player 202066
2024-03-11 14:19:06,138 - player_game_data - INFO - Fetched game data for player 1631207
2024-03-11 14:19:06,395 - player_game_data - INFO - Fetched game data for player 1628464
2024-03-11 14:19:06,587 - player_game_data - INFO - Inserted game data: Player ID: 1628464, Player Name: Daniel Theis, Game ID: 0022300917, Game Date: 1709942400000, Matchup: LAC vs. CHI
2024-03-11 14:19:06,614 - player_game_data - INFO - Inserted game data: Player ID: 1628464, Player Name: Daniel Theis, Game ID: 0022300897, Game Date: 1709683200000, Matchup: LAC @ HOU
2024-03-11 14:19:06,782 - player_game_data - INFO - Fetched game data for player 1630560
2024-03-11 14:19:06,854 - player_game_data - INFO - Inserted game data: Player ID: 1630560, Player Name: Cam Thomas, Game ID: 0022300918, Game Date: 1709942400000, Matchup: BKN @ CHA
2024-03-11 14:19:06,988 - player_game_data - INFO - Fetched game data for player 1641708
2024-03-11 14:19:07,174 - player_game_data - INFO - Inserted game data: Player ID: 1641708, Player Name: Amen Thompson, Game ID: 0022300916, Game Date: 1709856000000, Matchup: HOU @ POR
2024-03-11 14:19:07,198 - player_game_data - INFO - Inserted game data: Player ID: 1641708, Player Name: Amen Thompson, Game ID: 0022300897, Game Date: 1709683200000, Matchup: HOU vs. LAC
2024-03-11 14:19:07,363 - player_game_data - INFO - Fetched game data for player 1641709
2024-03-11 14:19:07,431 - player_game_data - INFO - Inserted game data: Player ID: 1641709, Player Name: Ausar Thompson, Game ID: 0022300902, Game Date: 1709769600000, Matchup: DET vs. BKN
2024-03-11 14:19:07,620 - player_game_data - INFO - Fetched game data for player 202691
2024-03-11 14:19:07,695 - player_game_data - INFO - Inserted game data: Player ID: 202691, Player Name: Klay Thompson, Game ID: 0022300907, Game Date: 1709769600000, Matchup: GSW vs. CHI
2024-03-11 14:19:07,722 - player_game_data - INFO - Inserted game data: Player ID: 202691, Player Name: Klay Thompson, Game ID: 0022300899, Game Date: 1709683200000, Matchup: GSW vs. MIL
2024-03-11 14:19:07,868 - player_game_data - INFO - Fetched game data for player 202684
2024-03-11 14:19:08,135 - player_game_data - INFO - Fetched game data for player 1630550
2024-03-11 14:19:08,260 - player_game_data - INFO - Inserted game data: Player ID: 1630550, Player Name: JT Thor, Game ID: 0022300910, Game Date: 1709856000000, Matchup: CHA @ WAS
2024-03-11 14:19:08,460 - player_game_data - INFO - Fetched game data for player 1629680
2024-03-11 14:19:09,175 - player_game_data - INFO - Inserted game data: Player ID: 1629680, Player Name: Matisse Thybulle, Game ID: 0022300916, Game Date: 1709856000000, Matchup: POR vs. HOU
2024-03-11 14:19:09,389 - player_game_data - INFO - Inserted game data: Player ID: 1629680, Player Name: Matisse Thybulle, Game ID: 0022300900, Game Date: 1709683200000, Matchup: POR vs. OKC
2024-03-11 14:19:09,606 - player_game_data - INFO - Fetched game data for player 1630214
2024-03-11 14:19:10,901 - player_game_data - INFO - Fetched game data for player 1631210
2024-03-11 14:19:11,154 - player_game_data - INFO - Fetched game data for player 1630167
2024-03-11 14:19:11,532 - player_game_data - INFO - Inserted game data: Player ID: 1630167, Player Name: Obi Toppin, Game ID: 0022300903, Game Date: 1709769600000, Matchup: IND vs. MIN
2024-03-11 14:19:11,698 - player_game_data - INFO - Fetched game data for player 1626157
2024-03-11 14:19:11,972 - player_game_data - INFO - Fetched game data for player 1629018
2024-03-11 14:19:12,330 - player_game_data - INFO - Inserted game data: Player ID: 1629018, Player Name: Gary Trent Jr., Game ID: 0022300905, Game Date: 1709769600000, Matchup: TOR @ PHX
2024-03-11 14:19:12,530 - player_game_data - INFO - Fetched game data for player 1631131
2024-03-11 14:19:12,932 - player_game_data - INFO - Fetched game data for player 200782
2024-03-11 14:19:13,496 - player_game_data - INFO - Fetched game data for player 1626167
2024-03-11 14:19:13,896 - player_game_data - INFO - Inserted game data: Player ID: 1626167, Player Name: Myles Turner, Game ID: 0022300903, Game Date: 1709769600000, Matchup: IND vs. MIN
2024-03-11 14:19:14,462 - player_game_data - INFO - Fetched game data for player 1641816
2024-03-11 14:19:14,797 - player_game_data - INFO - Fetched game data for player 1630649
2024-03-11 14:19:15,481 - player_game_data - INFO - Fetched game data for player 202685
2024-03-11 14:19:15,772 - player_game_data - INFO - Inserted game data: Player ID: 202685, Player Name: Jonas Valanciunas, Game ID: 0022300909, Game Date: 1709856000000, Matchup: NOP @ PHI
2024-03-11 14:19:15,999 - player_game_data - INFO - Fetched game data for player 1627832
2024-03-11 14:19:16,611 - player_game_data - INFO - Inserted game data: Player ID: 1627832, Player Name: Fred VanVleet, Game ID: 0022300916, Game Date: 1709856000000, Matchup: HOU @ POR
2024-03-11 14:19:16,691 - player_game_data - INFO - Inserted game data: Player ID: 1627832, Player Name: Fred VanVleet, Game ID: 0022300897, Game Date: 1709683200000, Matchup: HOU vs. LAC
2024-03-11 14:19:16,835 - player_game_data - INFO - Fetched game data for player 1629020
2024-03-11 14:19:17,204 - player_game_data - INFO - Fetched game data for player 1630170
2024-03-11 14:19:17,644 - player_game_data - INFO - Fetched game data for player 1628426
2024-03-11 14:19:19,278 - player_game_data - INFO - Fetched game data for player 1629216
2024-03-11 14:19:19,580 - player_game_data - INFO - Fetched game data for player 202696
2024-03-11 14:19:20,000 - player_game_data - INFO - Inserted game data: Player ID: 202696, Player Name: Nikola Vucevic, Game ID: 0022300907, Game Date: 1709769600000, Matchup: CHI @ GSW
2024-03-11 14:19:20,064 - player_game_data - INFO - Inserted game data: Player ID: 202696, Player Name: Nikola Vucevic, Game ID: 0022300898, Game Date: 1709683200000, Matchup: CHI @ UTA
2024-03-11 14:19:20,298 - player_game_data - INFO - Fetched game data for player 1629731
2024-03-11 14:19:20,708 - player_game_data - INFO - Inserted game data: Player ID: 1629731, Player Name: Dean Wade, Game ID: 0022300895, Game Date: 1709683200000, Matchup: CLE @ ATL
2024-03-11 14:19:20,830 - player_game_data - INFO - Fetched game data for player 1630532
2024-03-11 14:19:21,010 - player_game_data - INFO - Inserted game data: Player ID: 1630532, Player Name: Franz Wagner, Game ID: 0022300912, Game Date: 1709856000000, Matchup: ORL @ NYK
2024-03-11 14:19:21,052 - player_game_data - INFO - Inserted game data: Player ID: 1630532, Player Name: Franz Wagner, Game ID: 0022300894, Game Date: 1709683200000, Matchup: ORL @ WAS
2024-03-11 14:19:21,249 - player_game_data - INFO - Fetched game data for player 1629021
2024-03-11 14:19:22,061 - player_game_data - INFO - Inserted game data: Player ID: 1629021, Player Name: Moritz Wagner, Game ID: 0022300912, Game Date: 1709856000000, Matchup: ORL @ NYK
2024-03-11 14:19:22,171 - player_game_data - INFO - Inserted game data: Player ID: 1629021, Player Name: Moritz Wagner, Game ID: 0022300894, Game Date: 1709683200000, Matchup: ORL @ WAS
2024-03-11 14:19:22,496 - player_game_data - INFO - Fetched game data for player 1630688
2024-03-11 14:19:23,689 - player_game_data - INFO - Fetched game data for player 1631133
2024-03-11 14:19:24,477 - player_game_data - INFO - Fetched game data for player 1641716
2024-03-11 14:19:25,191 - player_game_data - INFO - Inserted game data: Player ID: 1641716, Player Name: Jarace Walker, Game ID: 0022300903, Game Date: 1709769600000, Matchup: IND vs. MIN
2024-03-11 14:19:25,434 - player_game_data - INFO - Fetched game data for player 1629022
2024-03-11 14:19:25,671 - player_game_data - INFO - Inserted game data: Player ID: 1629022, Player Name: Lonnie Walker IV, Game ID: 0022300902, Game Date: 1709769600000, Matchup: BKN @ DET
2024-03-11 14:19:25,807 - player_game_data - INFO - Fetched game data for player 1641717
2024-03-11 14:19:26,181 - player_game_data - INFO - Inserted game data: Player ID: 1641717, Player Name: Cason Wallace, Game ID: 0022300914, Game Date: 1709856000000, Matchup: OKC vs. MIA
2024-03-11 14:19:26,256 - player_game_data - INFO - Inserted game data: Player ID: 1641717, Player Name: Cason Wallace, Game ID: 0022300900, Game Date: 1709683200000, Matchup: OKC @ POR
2024-03-11 14:19:26,393 - player_game_data - INFO - Fetched game data for player 1641775
2024-03-11 14:19:26,900 - player_game_data - INFO - Fetched game data for player 1629023
2024-03-11 14:19:27,171 - player_game_data - INFO - Inserted game data: Player ID: 1629023, Player Name: P.J. Washington, Game ID: 0022300904, Game Date: 1709769600000, Matchup: DAL vs. MIA
2024-03-11 14:19:27,326 - player_game_data - INFO - Fetched game data for player 1630613
2024-03-11 14:19:28,377 - player_game_data - INFO - Fetched game data for player 1631102
2024-03-11 14:19:28,733 - player_game_data - INFO - Fetched game data for player 1629139
2024-03-11 14:19:29,098 - player_game_data - INFO - Fetched game data for player 1630322
2024-03-11 14:19:29,440 - player_game_data - INFO - Fetched game data for player 1630570
2024-03-11 14:19:29,860 - player_game_data - INFO - Inserted game data: Player ID: 1630570, Player Name: Trendon Watford, Game ID: 0022300918, Game Date: 1709942400000, Matchup: BKN @ CHA
2024-03-11 14:19:29,990 - player_game_data - INFO - Inserted game data: Player ID: 1630570, Player Name: Trendon Watford, Game ID: 0022300902, Game Date: 1709769600000, Matchup: BKN @ DET
2024-03-11 14:19:30,152 - player_game_data - INFO - Fetched game data for player 1631212
2024-03-11 14:19:30,511 - player_game_data - INFO - Inserted game data: Player ID: 1631212, Player Name: Peyton Watson, Game ID: 0022300906, Game Date: 1709769600000, Matchup: DEN vs. BOS
2024-03-11 14:19:30,675 - player_game_data - INFO - Fetched game data for player 1641705
2024-03-11 14:19:31,056 - player_game_data - INFO - Fetched game data for player 1631104
2024-03-11 14:19:31,330 - player_game_data - INFO - Inserted game data: Player ID: 1631104, Player Name: Blake Wesley, Game ID: 0022300908, Game Date: 1709769600000, Matchup: SAS @ SAC
2024-03-11 14:19:31,443 - player_game_data - INFO - Fetched game data for player 201566
2024-03-11 14:19:31,905 - player_game_data - INFO - Fetched game data for player 1629632
2024-03-11 14:19:33,054 - player_game_data - INFO - Inserted game data: Player ID: 1629632, Player Name: Coby White, Game ID: 0022300907, Game Date: 1709769600000, Matchup: CHI @ GSW
2024-03-11 14:19:33,294 - player_game_data - INFO - Inserted game data: Player ID: 1629632, Player Name: Coby White, Game ID: 0022300898, Game Date: 1709683200000, Matchup: CHI @ UTA
2024-03-11 14:19:33,429 - player_game_data - INFO - Fetched game data for player 1628401
2024-03-11 14:19:33,930 - player_game_data - INFO - Inserted game data: Player ID: 1628401, Player Name: Derrick White, Game ID: 0022300906, Game Date: 1709769600000, Matchup: BOS @ DEN
2024-03-11 14:19:34,080 - player_game_data - INFO - Fetched game data for player 1641727
2024-03-11 14:19:34,644 - player_game_data - INFO - Fetched game data for player 1641715
2024-03-11 14:19:34,932 - player_game_data - INFO - Inserted game data: Player ID: 1641715, Player Name: Cam Whitmore, Game ID: 0022300916, Game Date: 1709856000000, Matchup: HOU @ POR
2024-03-11 14:19:35,020 - player_game_data - INFO - Inserted game data: Player ID: 1641715, Player Name: Cam Whitmore, Game ID: 0022300897, Game Date: 1709683200000, Matchup: HOU vs. LAC
2024-03-11 14:19:35,138 - player_game_data - INFO - Fetched game data for player 1630598
2024-03-11 14:19:35,387 - player_game_data - INFO - Inserted game data: Player ID: 1630598, Player Name: Aaron Wiggins, Game ID: 0022300914, Game Date: 1709856000000, Matchup: OKC vs. MIA
2024-03-11 14:19:35,500 - player_game_data - INFO - Inserted game data: Player ID: 1630598, Player Name: Aaron Wiggins, Game ID: 0022300900, Game Date: 1709683200000, Matchup: OKC @ POR
2024-03-11 14:19:35,626 - player_game_data - INFO - Fetched game data for player 203952
2024-03-11 14:19:36,200 - player_game_data - INFO - Inserted game data: Player ID: 203952, Player Name: Andrew Wiggins, Game ID: 0022300907, Game Date: 1709769600000, Matchup: GSW vs. CHI
2024-03-11 14:19:36,309 - player_game_data - INFO - Inserted game data: Player ID: 203952, Player Name: Andrew Wiggins, Game ID: 0022300899, Game Date: 1709683200000, Matchup: GSW vs. MIL
2024-03-11 14:19:36,585 - player_game_data - INFO - Fetched game data for player 1629623
2024-03-11 14:19:37,052 - player_game_data - INFO - Fetched game data for player 1629684
2024-03-11 14:19:37,371 - player_game_data - INFO - Inserted game data: Player ID: 1629684, Player Name: Grant Williams, Game ID: 0022300910, Game Date: 1709856000000, Matchup: CHA @ WAS
2024-03-11 14:19:37,570 - player_game_data - INFO - Fetched game data for player 1631114
2024-03-11 14:19:38,252 - player_game_data - INFO - Inserted game data: Player ID: 1631114, Player Name: Jalen Williams, Game ID: 0022300914, Game Date: 1709856000000, Matchup: OKC vs. MIA
2024-03-11 14:19:38,329 - player_game_data - INFO - Inserted game data: Player ID: 1631114, Player Name: Jalen Williams, Game ID: 0022300900, Game Date: 1709683200000, Matchup: OKC @ POR
2024-03-11 14:19:38,539 - player_game_data - INFO - Fetched game data for player 1631119
2024-03-11 14:19:39,811 - player_game_data - INFO - Inserted game data: Player ID: 1631119, Player Name: Jaylin Williams, Game ID: 0022300914, Game Date: 1709856000000, Matchup: OKC vs. MIA
2024-03-11 14:19:39,961 - player_game_data - INFO - Fetched game data for player 1629026
2024-03-11 14:19:40,491 - player_game_data - INFO - Inserted game data: Player ID: 1629026, Player Name: Kenrich Williams, Game ID: 0022300900, Game Date: 1709683200000, Matchup: OKC @ POR
2024-03-11 14:19:40,699 - player_game_data - INFO - Fetched game data for player 1631109
2024-03-11 14:19:40,964 - player_game_data - INFO - Fetched game data for player 1631466
2024-03-11 14:19:41,835 - player_game_data - INFO - Fetched game data for player 1630172
2024-03-11 14:19:42,112 - player_game_data - INFO - Fetched game data for player 1630533
2024-03-11 14:19:42,577 - player_game_data - INFO - Fetched game data for player 1629057
2024-03-11 14:19:42,867 - player_game_data - INFO - Fetched game data for player 1631246
2024-03-11 14:19:43,144 - player_game_data - INFO - Inserted game data: Player ID: 1631246, Player Name: Vince Williams Jr., Game ID: 0022300896, Game Date: 1709683200000, Matchup: MEM @ PHI
2024-03-11 14:19:43,382 - player_game_data - INFO - Fetched game data for player 1629627
2024-03-11 14:19:43,654 - player_game_data - INFO - Inserted game data: Player ID: 1629627, Player Name: Zion Williamson, Game ID: 0022300909, Game Date: 1709856000000, Matchup: NOP @ PHI
2024-03-11 14:19:43,863 - player_game_data - INFO - Fetched game data for player 1630592
2024-03-11 14:19:44,455 - player_game_data - INFO - Inserted game data: Player ID: 1630592, Player Name: Jalen Wilson, Game ID: 0022300918, Game Date: 1709942400000, Matchup: BKN @ CHA
2024-03-11 14:19:44,548 - player_game_data - INFO - Inserted game data: Player ID: 1630592, Player Name: Jalen Wilson, Game ID: 0022300902, Game Date: 1709769600000, Matchup: BKN @ DET
2024-03-11 14:19:44,687 - player_game_data - INFO - Fetched game data for player 1629685
2024-03-11 14:19:44,959 - player_game_data - INFO - Fetched game data for player 1630164
2024-03-11 14:19:45,469 - player_game_data - INFO - Inserted game data: Player ID: 1630164, Player Name: James Wiseman, Game ID: 0022300902, Game Date: 1709769600000, Matchup: DET vs. BKN
2024-03-11 14:19:45,597 - player_game_data - INFO - Fetched game data for player 1631209
2024-03-11 14:19:46,002 - player_game_data - INFO - Fetched game data for player 1626174
2024-03-11 14:19:46,316 - player_game_data - INFO - Fetched game data for player 1626153
2024-03-11 14:19:46,654 - player_game_data - INFO - Fetched game data for player 201152
2024-03-11 14:19:47,063 - player_game_data - INFO - Fetched game data for player 1629027
2024-03-11 14:19:47,283 - player_game_data - INFO - Fetched game data for player 1630209
2024-03-11 14:19:47,546 - player_game_data - INFO - Inserted game data: Player ID: 1630209, Player Name: Omer Yurtseven, Game ID: 0022300898, Game Date: 1709683200000, Matchup: UTA vs. CHI
2024-03-11 14:19:47,688 - player_game_data - INFO - Fetched game data for player 203469
2024-03-11 14:19:47,979 - player_game_data - INFO - Fetched game data for player 1627826
2024-03-11 14:19:48,310 - player_game_data - INFO - Inserted game data: Player ID: 1627826, Player Name: Ivica Zubac, Game ID: 0022300917, Game Date: 1709942400000, Matchup: LAC vs. CHI
2024-03-11 14:19:48,537 - player_game_data - INFO - Inserted game data: Player ID: 1627826, Player Name: Ivica Zubac, Game ID: 0022300897, Game Date: 1709683200000, Matchup: LAC @ HOU
2024-03-11 14:26:48,528 - player_game_data - INFO - ACTION COMMITTED: nba_update_player_game_data
2024-03-11 14:26:48,732 - player_game_data - INFO - Fetched game data for player 1630173
2024-03-11 14:26:48,993 - player_game_data - INFO - Fetched game data for player 203500
2024-03-11 14:26:49,168 - player_game_data - INFO - Fetched game data for player 1628389
